Doing parsing (n= 1 ) for "ParsingElaborated" with big :
Tactic call parsing ran for 0. secs (0.u,0.s)
Doing parsing (n= 2 ) for "ParsingElaborated" with big :
Tactic call parsing ran for 0. secs (0.u,0.s)
Doing parsing (n= 3 ) for "ParsingElaborated" with big :
Tactic call parsing ran for 0. secs (0.u,0.s)
Doing parsing (n= 4 ) for "ParsingElaborated" with big :
Tactic call parsing ran for 0.001 secs (0.u,0.s)
Doing parsing (n= 5 ) for "ParsingElaborated" with big :
Tactic call parsing ran for 0.001 secs (0.001u,0.s)
Doing parsing (n= 6 ) for "ParsingElaborated" with big :
Tactic call parsing ran for 0.001 secs (0.001u,0.s)
Doing parsing (n= 7 ) for "ParsingElaborated" with big :
Tactic call parsing ran for 0.001 secs (0.001u,0.s)
Doing parsing (n= 8 ) for "ParsingElaborated" with big :
Tactic call parsing ran for 0.001 secs (0.001u,0.s)
Doing parsing (n= 9 ) for "ParsingElaborated" with big :
Tactic call parsing ran for 0.001 secs (0.u,0.001s)
Doing parsing (n= 10 ) for "ParsingElaborated" with big :
Tactic call parsing ran for 0.002 secs (0.002u,0.s)
Doing parsing (n= 11 ) for "ParsingElaborated" with big :
Tactic call parsing ran for 0.002 secs (0.002u,0.s)
Doing parsing (n= 12 ) for "ParsingElaborated" with big :
Tactic call parsing ran for 0.002 secs (0.002u,0.s)
Doing parsing (n= 13 ) for "ParsingElaborated" with big :
Tactic call parsing ran for 0.002 secs (0.002u,0.s)
Doing parsing (n= 14 ) for "ParsingElaborated" with big :
Tactic call parsing ran for 0.002 secs (0.u,0.002s)
Doing parsing (n= 15 ) for "ParsingElaborated" with big :
Tactic call parsing ran for 0.003 secs (0.002u,0.s)
Doing parsing (n= 16 ) for "ParsingElaborated" with big :
Tactic call parsing ran for 0.002 secs (0.002u,0.s)
Doing parsing (n= 17 ) for "ParsingElaborated" with big :
Tactic call parsing ran for 0.002 secs (0.002u,0.s)
Doing parsing (n= 18 ) for "ParsingElaborated" with big :
Tactic call parsing ran for 0.002 secs (0.002u,0.s)
Doing parsing (n= 19 ) for "ParsingElaborated" with big :
Tactic call parsing ran for 0.003 secs (0.003u,0.s)
Doing parsing (n= 20 ) for "ParsingElaborated" with big :
Tactic call parsing ran for 0.003 secs (0.003u,0.s)
Doing parsing (n= 21 ) for "ParsingElaborated" with big :
Tactic call parsing ran for 0.003 secs (0.003u,0.s)
Doing parsing (n= 22 ) for "ParsingElaborated" with big :
Tactic call parsing ran for 0.004 secs (0.004u,0.s)
Doing parsing (n= 23 ) for "ParsingElaborated" with big :
Tactic call parsing ran for 0.003 secs (0.003u,0.s)
Doing parsing (n= 24 ) for "ParsingElaborated" with big :
Tactic call parsing ran for 0.003 secs (0.003u,0.s)
Doing parsing (n= 25 ) for "ParsingElaborated" with big :
Tactic call parsing ran for 0.004 secs (0.004u,0.s)
Doing parsing (n= 26 ) for "ParsingElaborated" with big :
Tactic call parsing ran for 0.004 secs (0.004u,0.s)
Doing parsing (n= 27 ) for "ParsingElaborated" with big :
Tactic call parsing ran for 0.004 secs (0.004u,0.s)
Doing parsing (n= 28 ) for "ParsingElaborated" with big :
Tactic call parsing ran for 0.004 secs (0.001u,0.003s)
Doing parsing (n= 29 ) for "ParsingElaborated" with big :
Tactic call parsing ran for 0.063 secs (0.059u,0.003s)
Doing parsing (n= 30 ) for "ParsingElaborated" with big :
Tactic call parsing ran for 0.003 secs (0.003u,0.s)
Doing parsing (n= 31 ) for "ParsingElaborated" with big :
Tactic call parsing ran for 0.003 secs (0.003u,0.s)
Doing parsing (n= 32 ) for "ParsingElaborated" with big :
Tactic call parsing ran for 0.005 secs (0.004u,0.s)
Doing parsing (n= 33 ) for "ParsingElaborated" with big :
Tactic call parsing ran for 0.003 secs (0.003u,0.s)
Doing parsing (n= 34 ) for "ParsingElaborated" with big :
Tactic call parsing ran for 0.003 secs (0.003u,0.s)
Doing parsing (n= 35 ) for "ParsingElaborated" with big :
Tactic call parsing ran for 0.003 secs (0.003u,0.s)
Doing parsing (n= 36 ) for "ParsingElaborated" with big :
Tactic call parsing ran for 0.003 secs (0.003u,0.s)
Doing parsing (n= 37 ) for "ParsingElaborated" with big :
Tactic call parsing ran for 0.004 secs (0.004u,0.s)
Doing parsing (n= 38 ) for "ParsingElaborated" with big :
Tactic call parsing ran for 0.004 secs (0.004u,0.s)
Doing parsing (n= 39 ) for "ParsingElaborated" with big :
Tactic call parsing ran for 0.004 secs (0.004u,0.s)
Doing parsing (n= 40 ) for "ParsingElaborated" with big :
Tactic call parsing ran for 0.004 secs (0.004u,0.s)
Doing parsing (n= 41 ) for "ParsingElaborated" with big :
Tactic call parsing ran for 0.004 secs (0.004u,0.s)
Doing parsing (n= 42 ) for "ParsingElaborated" with big :
Tactic call parsing ran for 0.004 secs (0.004u,0.s)
Doing parsing (n= 43 ) for "ParsingElaborated" with big :
Tactic call parsing ran for 0.004 secs (0.004u,0.s)
Doing parsing (n= 44 ) for "ParsingElaborated" with big :
Tactic call parsing ran for 0.005 secs (0.005u,0.s)
Doing parsing (n= 45 ) for "ParsingElaborated" with big :
Tactic call parsing ran for 0.005 secs (0.005u,0.s)
Doing parsing (n= 46 ) for "ParsingElaborated" with big :
Tactic call parsing ran for 0.005 secs (0.005u,0.s)
Doing parsing (n= 47 ) for "ParsingElaborated" with big :
Tactic call parsing ran for 0.024 secs (0.024u,0.s)
Doing parsing (n= 48 ) for "ParsingElaborated" with big :
Tactic call parsing ran for 0.005 secs (0.005u,0.s)
Doing parsing (n= 49 ) for "ParsingElaborated" with big :
Tactic call parsing ran for 0.005 secs (0.005u,0.s)
Doing parsing (n= 50 ) for "ParsingElaborated" with big :
Tactic call parsing ran for 0.005 secs (0.005u,0.s)
Doing parsing (n= 51 ) for "ParsingElaborated" with big :
Tactic call parsing ran for 0.005 secs (0.005u,0.s)
Doing parsing (n= 52 ) for "ParsingElaborated" with big :
Tactic call parsing ran for 0.005 secs (0.005u,0.s)
Doing parsing (n= 53 ) for "ParsingElaborated" with big :
Tactic call parsing ran for 0.006 secs (0.006u,0.s)
Doing parsing (n= 54 ) for "ParsingElaborated" with big :
Tactic call parsing ran for 0.006 secs (0.006u,0.s)
Doing parsing (n= 55 ) for "ParsingElaborated" with big :
Tactic call parsing ran for 0.006 secs (0.006u,0.s)
Doing parsing (n= 56 ) for "ParsingElaborated" with big :
Tactic call parsing ran for 0.006 secs (0.006u,0.s)
Doing parsing (n= 57 ) for "ParsingElaborated" with big :
Tactic call parsing ran for 0.006 secs (0.003u,0.002s)
Doing parsing (n= 58 ) for "ParsingElaborated" with big :
Tactic call parsing ran for 0.006 secs (0.006u,0.s)
Doing parsing (n= 59 ) for "ParsingElaborated" with big :
Tactic call parsing ran for 0.006 secs (0.006u,0.s)
Doing parsing (n= 60 ) for "ParsingElaborated" with big :
Tactic call parsing ran for 0.006 secs (0.006u,0.s)
Doing parsing (n= 61 ) for "ParsingElaborated" with big :
Tactic call parsing ran for 0.025 secs (0.025u,0.s)
Doing parsing (n= 62 ) for "ParsingElaborated" with big :
Tactic call parsing ran for 0.007 secs (0.007u,0.s)
Doing parsing (n= 63 ) for "ParsingElaborated" with big :
Tactic call parsing ran for 0.007 secs (0.007u,0.s)
Doing parsing (n= 64 ) for "ParsingElaborated" with big :
Tactic call parsing ran for 0.007 secs (0.007u,0.s)
Doing parsing (n= 65 ) for "ParsingElaborated" with big :
Tactic call parsing ran for 0.007 secs (0.007u,0.s)
Doing parsing (n= 66 ) for "ParsingElaborated" with big :
Tactic call parsing ran for 0.007 secs (0.007u,0.s)
Doing parsing (n= 67 ) for "ParsingElaborated" with big :
Tactic call parsing ran for 0.018 secs (0.018u,0.s)
Doing parsing (n= 68 ) for "ParsingElaborated" with big :
Tactic call parsing ran for 0.007 secs (0.007u,0.s)
Doing parsing (n= 69 ) for "ParsingElaborated" with big :
Tactic call parsing ran for 0.007 secs (0.007u,0.s)
Doing parsing (n= 70 ) for "ParsingElaborated" with big :
Tactic call parsing ran for 0.007 secs (0.007u,0.s)
Doing parsing (n= 71 ) for "ParsingElaborated" with big :
Tactic call parsing ran for 0.007 secs (0.007u,0.s)
Doing parsing (n= 72 ) for "ParsingElaborated" with big :
Tactic call parsing ran for 0.035 secs (0.032u,0.003s)
Doing parsing (n= 73 ) for "ParsingElaborated" with big :
Tactic call parsing ran for 0.008 secs (0.008u,0.s)
Doing parsing (n= 74 ) for "ParsingElaborated" with big :
Tactic call parsing ran for 0.008 secs (0.008u,0.s)
Doing parsing (n= 75 ) for "ParsingElaborated" with big :
Tactic call parsing ran for 0.009 secs (0.009u,0.s)
Doing parsing (n= 76 ) for "ParsingElaborated" with big :
Tactic call parsing ran for 0.009 secs (0.009u,0.s)
Doing parsing (n= 77 ) for "ParsingElaborated" with big :
Tactic call parsing ran for 0.009 secs (0.009u,0.s)
Doing parsing (n= 78 ) for "ParsingElaborated" with big :
Tactic call parsing ran for 0.009 secs (0.009u,0.s)
Doing parsing (n= 79 ) for "ParsingElaborated" with big :
Tactic call parsing ran for 0.009 secs (0.009u,0.s)
Doing parsing (n= 80 ) for "ParsingElaborated" with big :
Tactic call parsing ran for 0.009 secs (0.009u,0.s)
Doing parsing (n= 81 ) for "ParsingElaborated" with big :
Tactic call parsing ran for 0.009 secs (0.009u,0.s)
Doing parsing (n= 82 ) for "ParsingElaborated" with big :
Tactic call parsing ran for 0.042 secs (0.042u,0.s)
Doing parsing (n= 83 ) for "ParsingElaborated" with big :
Tactic call parsing ran for 0.009 secs (0.009u,0.s)
Doing parsing (n= 84 ) for "ParsingElaborated" with big :
Tactic call parsing ran for 0.009 secs (0.009u,0.s)
Doing parsing (n= 85 ) for "ParsingElaborated" with big :
Tactic call parsing ran for 0.009 secs (0.006u,0.003s)
Doing parsing (n= 86 ) for "ParsingElaborated" with big :
Tactic call parsing ran for 0.009 secs (0.009u,0.s)
Doing parsing (n= 87 ) for "ParsingElaborated" with big :
Tactic call parsing ran for 0.01 secs (0.01u,0.s)
Doing parsing (n= 88 ) for "ParsingElaborated" with big :
Tactic call parsing ran for 0.01 secs (0.01u,0.s)
Doing parsing (n= 89 ) for "ParsingElaborated" with big :
Tactic call parsing ran for 0.01 secs (0.01u,0.s)
Doing parsing (n= 90 ) for "ParsingElaborated" with big :
Tactic call parsing ran for 0.01 secs (0.01u,0.s)
Doing parsing (n= 91 ) for "ParsingElaborated" with big :
Tactic call parsing ran for 0.035 secs (0.035u,0.s)
Doing parsing (n= 92 ) for "ParsingElaborated" with big :
Tactic call parsing ran for 0.01 secs (0.01u,0.s)
Doing parsing (n= 93 ) for "ParsingElaborated" with big :
Tactic call parsing ran for 0.01 secs (0.01u,0.s)
Doing parsing (n= 94 ) for "ParsingElaborated" with big :
Tactic call parsing ran for 0.011 secs (0.011u,0.s)
Doing parsing (n= 95 ) for "ParsingElaborated" with big :
Tactic call parsing ran for 0.01 secs (0.01u,0.s)
Doing parsing (n= 96 ) for "ParsingElaborated" with big :
Tactic call parsing ran for 0.029 secs (0.029u,0.s)
Doing parsing (n= 97 ) for "ParsingElaborated" with big :
Tactic call parsing ran for 0.011 secs (0.007u,0.003s)
Doing parsing (n= 98 ) for "ParsingElaborated" with big :
Tactic call parsing ran for 0.011 secs (0.011u,0.s)
Doing parsing (n= 99 ) for "ParsingElaborated" with big :
Tactic call parsing ran for 0.04 secs (0.04u,0.s)
Doing parsing (n= 100 ) for "ParsingElaborated" with big :
Tactic call parsing ran for 0.011 secs (0.011u,0.s)
Doing parsing (n= 101 ) for "ParsingElaborated" with big :
Tactic call parsing ran for 0.011 secs (0.011u,0.s)
Doing parsing (n= 102 ) for "ParsingElaborated" with big :
Tactic call parsing ran for 0.011 secs (0.011u,0.s)
Doing parsing (n= 103 ) for "ParsingElaborated" with big :
Tactic call parsing ran for 0.011 secs (0.011u,0.s)
Doing parsing (n= 104 ) for "ParsingElaborated" with big :
Tactic call parsing ran for 0.012 secs (0.012u,0.s)
Doing parsing (n= 105 ) for "ParsingElaborated" with big :
Tactic call parsing ran for 0.012 secs (0.012u,0.s)
Doing parsing (n= 106 ) for "ParsingElaborated" with big :
Tactic call parsing ran for 0.039 secs (0.039u,0.s)
Doing parsing (n= 107 ) for "ParsingElaborated" with big :
Tactic call parsing ran for 0.012 secs (0.012u,0.s)
Doing parsing (n= 108 ) for "ParsingElaborated" with big :
Tactic call parsing ran for 0.012 secs (0.012u,0.s)
Doing parsing (n= 109 ) for "ParsingElaborated" with big :
Tactic call parsing ran for 0.012 secs (0.012u,0.s)
Doing parsing (n= 110 ) for "ParsingElaborated" with big :
Tactic call parsing ran for 0.012 secs (0.012u,0.s)
Doing parsing (n= 111 ) for "ParsingElaborated" with big :
Tactic call parsing ran for 0.012 secs (0.012u,0.s)
Doing parsing (n= 112 ) for "ParsingElaborated" with big :
Tactic call parsing ran for 0.013 secs (0.013u,0.s)
Doing parsing (n= 113 ) for "ParsingElaborated" with big :
Tactic call parsing ran for 0.036 secs (0.036u,0.s)
Doing parsing (n= 114 ) for "ParsingElaborated" with big :
Tactic call parsing ran for 0.013 secs (0.013u,0.s)
Doing parsing (n= 115 ) for "ParsingElaborated" with big :
Tactic call parsing ran for 0.013 secs (0.013u,0.s)
Doing parsing (n= 116 ) for "ParsingElaborated" with big :
Tactic call parsing ran for 0.013 secs (0.013u,0.s)
Doing parsing (n= 117 ) for "ParsingElaborated" with big :
Tactic call parsing ran for 0.013 secs (0.013u,0.s)
Doing parsing (n= 118 ) for "ParsingElaborated" with big :
Tactic call parsing ran for 0.013 secs (0.013u,0.s)
Doing parsing (n= 119 ) for "ParsingElaborated" with big :
Tactic call parsing ran for 0.013 secs (0.013u,0.s)
Doing parsing (n= 120 ) for "ParsingElaborated" with big :
Tactic call parsing ran for 0.043 secs (0.043u,0.s)
Doing parsing (n= 121 ) for "ParsingElaborated" with big :
Tactic call parsing ran for 0.014 secs (0.014u,0.s)
Doing parsing (n= 122 ) for "ParsingElaborated" with big :
Tactic call parsing ran for 0.014 secs (0.014u,0.s)
Doing parsing (n= 123 ) for "ParsingElaborated" with big :
Tactic call parsing ran for 0.014 secs (0.014u,0.s)
Doing parsing (n= 124 ) for "ParsingElaborated" with big :
Tactic call parsing ran for 0.014 secs (0.014u,0.s)
Doing parsing (n= 125 ) for "ParsingElaborated" with big :
Tactic call parsing ran for 0.014 secs (0.014u,0.s)
Doing parsing (n= 126 ) for "ParsingElaborated" with big :
Tactic call parsing ran for 0.028 secs (0.028u,0.s)
Doing parsing (n= 127 ) for "ParsingElaborated" with big :
Tactic call parsing ran for 0.014 secs (0.014u,0.s)
Doing parsing (n= 128 ) for "ParsingElaborated" with big :
Tactic call parsing ran for 0.014 secs (0.014u,0.s)
Doing parsing (n= 129 ) for "ParsingElaborated" with big :
Tactic call parsing ran for 0.014 secs (0.014u,0.s)
Doing parsing (n= 130 ) for "ParsingElaborated" with big :
Tactic call parsing ran for 0.015 secs (0.011u,0.003s)
Doing parsing (n= 131 ) for "ParsingElaborated" with big :
Tactic call parsing ran for 0.014 secs (0.014u,0.s)
Doing parsing (n= 132 ) for "ParsingElaborated" with big :
Tactic call parsing ran for 0.042 secs (0.038u,0.003s)
Doing parsing (n= 133 ) for "ParsingElaborated" with big :
Tactic call parsing ran for 0.014 secs (0.014u,0.s)
Doing parsing (n= 134 ) for "ParsingElaborated" with big :
Tactic call parsing ran for 0.015 secs (0.015u,0.s)
Doing parsing (n= 135 ) for "ParsingElaborated" with big :
Tactic call parsing ran for 0.015 secs (0.015u,0.s)
Doing parsing (n= 136 ) for "ParsingElaborated" with big :
Tactic call parsing ran for 0.015 secs (0.015u,0.s)
Doing parsing (n= 137 ) for "ParsingElaborated" with big :
Tactic call parsing ran for 0.052 secs (0.048u,0.003s)
Doing parsing (n= 138 ) for "ParsingElaborated" with big :
Tactic call parsing ran for 0.015 secs (0.015u,0.s)
Doing parsing (n= 139 ) for "ParsingElaborated" with big :
Tactic call parsing ran for 0.015 secs (0.015u,0.s)
Doing parsing (n= 140 ) for "ParsingElaborated" with big :
Tactic call parsing ran for 0.015 secs (0.015u,0.s)
Doing parsing (n= 141 ) for "ParsingElaborated" with big :
Tactic call parsing ran for 0.015 secs (0.015u,0.s)
Doing parsing (n= 142 ) for "ParsingElaborated" with big :
Tactic call parsing ran for 0.015 secs (0.015u,0.s)
Doing parsing (n= 143 ) for "ParsingElaborated" with big :
Tactic call parsing ran for 0.015 secs (0.015u,0.s)
Doing parsing (n= 144 ) for "ParsingElaborated" with big :
Tactic call parsing ran for 0.043 secs (0.043u,0.s)
Doing parsing (n= 145 ) for "ParsingElaborated" with big :
Tactic call parsing ran for 0.015 secs (0.015u,0.s)
Doing parsing (n= 146 ) for "ParsingElaborated" with big :
Tactic call parsing ran for 0.016 secs (0.016u,0.s)
Doing parsing (n= 147 ) for "ParsingElaborated" with big :
Tactic call parsing ran for 0.016 secs (0.016u,0.s)
Doing parsing (n= 148 ) for "ParsingElaborated" with big :
Tactic call parsing ran for 0.016 secs (0.016u,0.s)
Doing parsing (n= 149 ) for "ParsingElaborated" with big :
Tactic call parsing ran for 0.02 secs (0.02u,0.s)
Doing parsing (n= 150 ) for "ParsingElaborated" with big :
Tactic call parsing ran for 0.016 secs (0.016u,0.s)
Doing parsing (n= 151 ) for "ParsingElaborated" with big :
Tactic call parsing ran for 0.017 secs (0.017u,0.s)
Doing parsing (n= 152 ) for "ParsingElaborated" with big :
Tactic call parsing ran for 0.017 secs (0.017u,0.s)
Doing parsing (n= 153 ) for "ParsingElaborated" with big :
Tactic call parsing ran for 0.017 secs (0.017u,0.s)
Doing parsing (n= 154 ) for "ParsingElaborated" with big :
Tactic call parsing ran for 0.045 secs (0.041u,0.003s)
Doing parsing (n= 155 ) for "ParsingElaborated" with big :
Tactic call parsing ran for 0.017 secs (0.017u,0.s)
Doing parsing (n= 156 ) for "ParsingElaborated" with big :
Tactic call parsing ran for 0.017 secs (0.017u,0.s)
Doing parsing (n= 157 ) for "ParsingElaborated" with big :
Tactic call parsing ran for 0.017 secs (0.017u,0.s)
Doing parsing (n= 158 ) for "ParsingElaborated" with big :
Tactic call parsing ran for 0.017 secs (0.017u,0.s)
Doing parsing (n= 159 ) for "ParsingElaborated" with big :
Tactic call parsing ran for 0.025 secs (0.025u,0.s)
Doing parsing (n= 160 ) for "ParsingElaborated" with big :
Tactic call parsing ran for 0.018 secs (0.018u,0.s)
Doing parsing (n= 161 ) for "ParsingElaborated" with big :
Tactic call parsing ran for 0.018 secs (0.018u,0.s)
Doing parsing (n= 162 ) for "ParsingElaborated" with big :
Tactic call parsing ran for 0.018 secs (0.018u,0.s)
Doing parsing (n= 163 ) for "ParsingElaborated" with big :
Tactic call parsing ran for 0.018 secs (0.018u,0.s)
Doing parsing (n= 164 ) for "ParsingElaborated" with big :
Tactic call parsing ran for 0.046 secs (0.046u,0.s)
Doing parsing (n= 165 ) for "ParsingElaborated" with big :
Tactic call parsing ran for 0.018 secs (0.018u,0.s)
Doing parsing (n= 166 ) for "ParsingElaborated" with big :
Tactic call parsing ran for 0.018 secs (0.018u,0.s)
Doing parsing (n= 167 ) for "ParsingElaborated" with big :
Tactic call parsing ran for 0.019 secs (0.019u,0.s)
Doing parsing (n= 168 ) for "ParsingElaborated" with big :
Tactic call parsing ran for 0.019 secs (0.019u,0.s)
Doing parsing (n= 169 ) for "ParsingElaborated" with big :
Tactic call parsing ran for 0.027 secs (0.027u,0.s)
Doing parsing (n= 170 ) for "ParsingElaborated" with big :
Tactic call parsing ran for 0.019 secs (0.019u,0.s)
Doing parsing (n= 171 ) for "ParsingElaborated" with big :
Tactic call parsing ran for 0.019 secs (0.019u,0.s)
Doing parsing (n= 172 ) for "ParsingElaborated" with big :
Tactic call parsing ran for 0.019 secs (0.016u,0.003s)
Doing parsing (n= 173 ) for "ParsingElaborated" with big :
Tactic call parsing ran for 0.048 secs (0.044u,0.004s)
Doing parsing (n= 174 ) for "ParsingElaborated" with big :
Tactic call parsing ran for 0.019 secs (0.019u,0.s)
Doing parsing (n= 175 ) for "ParsingElaborated" with big :
Tactic call parsing ran for 0.019 secs (0.019u,0.s)
Doing parsing (n= 176 ) for "ParsingElaborated" with big :
Tactic call parsing ran for 0.02 secs (0.016u,0.003s)
Doing parsing (n= 177 ) for "ParsingElaborated" with big :
Tactic call parsing ran for 0.02 secs (0.02u,0.s)
Doing parsing (n= 178 ) for "ParsingElaborated" with big :
Tactic call parsing ran for 0.029 secs (0.029u,0.s)
Doing parsing (n= 179 ) for "ParsingElaborated" with big :
Tactic call parsing ran for 0.02 secs (0.02u,0.s)
Doing parsing (n= 180 ) for "ParsingElaborated" with big :
Tactic call parsing ran for 0.02 secs (0.016u,0.003s)
Doing parsing (n= 181 ) for "ParsingElaborated" with big :
Tactic call parsing ran for 0.021 secs (0.021u,0.s)
Doing parsing (n= 182 ) for "ParsingElaborated" with big :
Tactic call parsing ran for 0.048 secs (0.048u,0.s)
Doing parsing (n= 183 ) for "ParsingElaborated" with big :
Tactic call parsing ran for 0.02 secs (0.02u,0.s)
Doing parsing (n= 184 ) for "ParsingElaborated" with big :
Tactic call parsing ran for 0.02 secs (0.02u,0.s)
Doing parsing (n= 185 ) for "ParsingElaborated" with big :
Tactic call parsing ran for 0.02 secs (0.02u,0.s)
Doing parsing (n= 186 ) for "ParsingElaborated" with big :
Tactic call parsing ran for 0.03 secs (0.03u,0.s)
Doing parsing (n= 187 ) for "ParsingElaborated" with big :
Tactic call parsing ran for 0.021 secs (0.021u,0.s)
Doing parsing (n= 188 ) for "ParsingElaborated" with big :
Tactic call parsing ran for 0.021 secs (0.021u,0.s)
Doing parsing (n= 189 ) for "ParsingElaborated" with big :
Tactic call parsing ran for 0.022 secs (0.022u,0.s)
Doing parsing (n= 190 ) for "ParsingElaborated" with big :
Tactic call parsing ran for 0.021 secs (0.021u,0.s)
Doing parsing (n= 191 ) for "ParsingElaborated" with big :
Tactic call parsing ran for 0.048 secs (0.044u,0.003s)
Doing parsing (n= 192 ) for "ParsingElaborated" with big :
Tactic call parsing ran for 0.022 secs (0.022u,0.s)
Doing parsing (n= 193 ) for "ParsingElaborated" with big :
Tactic call parsing ran for 0.022 secs (0.018u,0.003s)
Doing parsing (n= 194 ) for "ParsingElaborated" with big :
Tactic call parsing ran for 0.022 secs (0.022u,0.s)
Doing parsing (n= 195 ) for "ParsingElaborated" with big :
Tactic call parsing ran for 0.118 secs (0.114u,0.003s)
Doing parsing (n= 196 ) for "ParsingElaborated" with big :
Tactic call parsing ran for 0.023 secs (0.023u,0.s)
Doing parsing (n= 197 ) for "ParsingElaborated" with big :
Tactic call parsing ran for 0.024 secs (0.024u,0.s)
Doing parsing (n= 198 ) for "ParsingElaborated" with big :
Tactic call parsing ran for 0.024 secs (0.024u,0.s)
Doing parsing (n= 199 ) for "ParsingElaborated" with big :
Tactic call parsing ran for 0.04 secs (0.04u,0.s)
Doing parsing (n= 200 ) for "ParsingElaborated" with big :
Tactic call parsing ran for 0.024 secs (0.024u,0.s)
Doing parsing (n= 201 ) for "ParsingElaborated" with big :
Tactic call parsing ran for 0.025 secs (0.025u,0.s)
Doing parsing (n= 202 ) for "ParsingElaborated" with big :
Tactic call parsing ran for 0.024 secs (0.024u,0.s)
Doing parsing (n= 203 ) for "ParsingElaborated" with big :
Tactic call parsing ran for 0.052 secs (0.049u,0.003s)
Doing parsing (n= 204 ) for "ParsingElaborated" with big :
Tactic call parsing ran for 0.025 secs (0.025u,0.s)
Doing parsing (n= 205 ) for "ParsingElaborated" with big :
Tactic call parsing ran for 0.025 secs (0.021u,0.004s)
Doing parsing (n= 206 ) for "ParsingElaborated" with big :
Tactic call parsing ran for 0.053 secs (0.05u,0.003s)
Doing parsing (n= 207 ) for "ParsingElaborated" with big :
Tactic call parsing ran for 0.025 secs (0.025u,0.s)
Doing parsing (n= 208 ) for "ParsingElaborated" with big :
Tactic call parsing ran for 0.025 secs (0.025u,0.s)
Doing parsing (n= 209 ) for "ParsingElaborated" with big :
Tactic call parsing ran for 0.026 secs (0.026u,0.s)
Doing parsing (n= 210 ) for "ParsingElaborated" with big :
Tactic call parsing ran for 0.053 secs (0.049u,0.003s)
Doing parsing (n= 211 ) for "ParsingElaborated" with big :
Tactic call parsing ran for 0.025 secs (0.025u,0.s)
Doing parsing (n= 212 ) for "ParsingElaborated" with big :
Tactic call parsing ran for 0.025 secs (0.025u,0.s)
Doing parsing (n= 213 ) for "ParsingElaborated" with big :
Tactic call parsing ran for 0.025 secs (0.025u,0.s)
Doing parsing (n= 214 ) for "ParsingElaborated" with big :
Tactic call parsing ran for 0.055 secs (0.055u,0.s)
Doing parsing (n= 215 ) for "ParsingElaborated" with big :
Tactic call parsing ran for 0.026 secs (0.026u,0.s)
Doing parsing (n= 216 ) for "ParsingElaborated" with big :
Tactic call parsing ran for 0.027 secs (0.027u,0.s)
Doing parsing (n= 217 ) for "ParsingElaborated" with big :
Tactic call parsing ran for 0.026 secs (0.026u,0.s)
Doing parsing (n= 218 ) for "ParsingElaborated" with big :
Tactic call parsing ran for 0.027 secs (0.027u,0.s)
Doing parsing (n= 219 ) for "ParsingElaborated" with big :
Tactic call parsing ran for 0.027 secs (0.027u,0.s)
Doing parsing (n= 220 ) for "ParsingElaborated" with big :
Tactic call parsing ran for 0.027 secs (0.027u,0.s)
Doing parsing (n= 221 ) for "ParsingElaborated" with big :
Tactic call parsing ran for 0.053 secs (0.053u,0.s)
Doing parsing (n= 222 ) for "ParsingElaborated" with big :
Tactic call parsing ran for 0.027 secs (0.027u,0.s)
Doing parsing (n= 223 ) for "ParsingElaborated" with big :
Tactic call parsing ran for 0.027 secs (0.027u,0.s)
Doing parsing (n= 224 ) for "ParsingElaborated" with big :
Tactic call parsing ran for 0.027 secs (0.027u,0.s)
Doing parsing (n= 225 ) for "ParsingElaborated" with big :
Tactic call parsing ran for 0.056 secs (0.056u,0.s)
Doing parsing (n= 226 ) for "ParsingElaborated" with big :
Tactic call parsing ran for 0.028 secs (0.028u,0.s)
Doing parsing (n= 227 ) for "ParsingElaborated" with big :
Tactic call parsing ran for 0.028 secs (0.028u,0.s)
Doing parsing (n= 228 ) for "ParsingElaborated" with big :
Tactic call parsing ran for 0.054 secs (0.054u,0.s)
Doing parsing (n= 229 ) for "ParsingElaborated" with big :
Tactic call parsing ran for 0.029 secs (0.029u,0.s)
Doing parsing (n= 230 ) for "ParsingElaborated" with big :
Tactic call parsing ran for 0.029 secs (0.029u,0.s)
Doing parsing (n= 231 ) for "ParsingElaborated" with big :
Tactic call parsing ran for 0.059 secs (0.059u,0.s)
Doing parsing (n= 232 ) for "ParsingElaborated" with big :
Tactic call parsing ran for 0.028 secs (0.028u,0.s)
Doing parsing (n= 233 ) for "ParsingElaborated" with big :
Tactic call parsing ran for 0.028 secs (0.028u,0.s)
Doing parsing (n= 234 ) for "ParsingElaborated" with big :
Tactic call parsing ran for 0.028 secs (0.028u,0.s)
Doing parsing (n= 235 ) for "ParsingElaborated" with big :
Tactic call parsing ran for 0.056 secs (0.056u,0.s)
Doing parsing (n= 236 ) for "ParsingElaborated" with big :
Tactic call parsing ran for 0.029 secs (0.029u,0.s)
Doing parsing (n= 237 ) for "ParsingElaborated" with big :
Tactic call parsing ran for 0.029 secs (0.029u,0.s)
Doing parsing (n= 238 ) for "ParsingElaborated" with big :
Tactic call parsing ran for 0.06 secs (0.06u,0.s)
Doing parsing (n= 239 ) for "ParsingElaborated" with big :
Tactic call parsing ran for 0.029 secs (0.029u,0.s)
Doing parsing (n= 240 ) for "ParsingElaborated" with big :
Tactic call parsing ran for 0.03 secs (0.03u,0.s)
Doing parsing (n= 241 ) for "ParsingElaborated" with big :
Tactic call parsing ran for 0.055 secs (0.055u,0.s)
Doing parsing (n= 242 ) for "ParsingElaborated" with big :
Tactic call parsing ran for 0.03 secs (0.03u,0.s)
Doing parsing (n= 243 ) for "ParsingElaborated" with big :
Tactic call parsing ran for 0.031 secs (0.031u,0.s)
Doing parsing (n= 244 ) for "ParsingElaborated" with big :
Tactic call parsing ran for 0.031 secs (0.031u,0.s)
Doing parsing (n= 245 ) for "ParsingElaborated" with big :
Tactic call parsing ran for 0.057 secs (0.057u,0.s)
Doing parsing (n= 246 ) for "ParsingElaborated" with big :
Tactic call parsing ran for 0.031 secs (0.031u,0.s)
Doing parsing (n= 247 ) for "ParsingElaborated" with big :
Tactic call parsing ran for 0.031 secs (0.031u,0.s)
Doing parsing (n= 248 ) for "ParsingElaborated" with big :
Tactic call parsing ran for 0.077 secs (0.077u,0.s)
Doing parsing (n= 249 ) for "ParsingElaborated" with big :
Tactic call parsing ran for 0.031 secs (0.031u,0.s)
Doing parsing (n= 250 ) for "ParsingElaborated" with big :
Tactic call parsing ran for 0.032 secs (0.032u,0.s)
Doing parsing (n= 251 ) for "ParsingElaborated" with big :
Tactic call parsing ran for 0.059 secs (0.055u,0.003s)
Doing parsing (n= 252 ) for "ParsingElaborated" with big :
Tactic call parsing ran for 0.031 secs (0.031u,0.s)
Doing parsing (n= 253 ) for "ParsingElaborated" with big :
Tactic call parsing ran for 0.031 secs (0.031u,0.s)
Doing parsing (n= 254 ) for "ParsingElaborated" with big :
Tactic call parsing ran for 0.075 secs (0.075u,0.s)
Doing parsing (n= 255 ) for "ParsingElaborated" with big :
Tactic call parsing ran for 0.03 secs (0.03u,0.s)
Doing parsing (n= 256 ) for "ParsingElaborated" with big :
Tactic call parsing ran for 0.03 secs (0.03u,0.s)
Doing parsing (n= 257 ) for "ParsingElaborated" with big :
Tactic call parsing ran for 0.059 secs (0.059u,0.s)
Doing parsing (n= 258 ) for "ParsingElaborated" with big :
Tactic call parsing ran for 0.03 secs (0.026u,0.003s)
Doing parsing (n= 259 ) for "ParsingElaborated" with big :
Tactic call parsing ran for 0.03 secs (0.026u,0.003s)
Doing parsing (n= 260 ) for "ParsingElaborated" with big :
Tactic call parsing ran for 0.03 secs (0.03u,0.s)
Doing parsing (n= 261 ) for "ParsingElaborated" with big :
Tactic call parsing ran for 0.032 secs (0.032u,0.s)
Doing parsing (n= 262 ) for "ParsingElaborated" with big :
Tactic call parsing ran for 0.031 secs (0.031u,0.s)
Doing parsing (n= 263 ) for "ParsingElaborated" with big :
Tactic call parsing ran for 0.06 secs (0.06u,0.s)
Doing parsing (n= 264 ) for "ParsingElaborated" with big :
Tactic call parsing ran for 0.031 secs (0.031u,0.s)
Doing parsing (n= 265 ) for "ParsingElaborated" with big :
Tactic call parsing ran for 0.031 secs (0.031u,0.s)
Doing parsing (n= 266 ) for "ParsingElaborated" with big :
Tactic call parsing ran for 0.034 secs (0.034u,0.s)
Doing parsing (n= 267 ) for "ParsingElaborated" with big :
Tactic call parsing ran for 0.032 secs (0.032u,0.s)
Doing parsing (n= 268 ) for "ParsingElaborated" with big :
Tactic call parsing ran for 0.033 secs (0.033u,0.s)
Doing parsing (n= 269 ) for "ParsingElaborated" with big :
Tactic call parsing ran for 0.06 secs (0.06u,0.s)
Doing parsing (n= 270 ) for "ParsingElaborated" with big :
Tactic call parsing ran for 0.032 secs (0.029u,0.003s)
Doing parsing (n= 271 ) for "ParsingElaborated" with big :
Tactic call parsing ran for 0.032 secs (0.032u,0.s)
Doing parsing (n= 272 ) for "ParsingElaborated" with big :
Tactic call parsing ran for 0.041 secs (0.041u,0.s)
Doing parsing (n= 273 ) for "ParsingElaborated" with big :
Tactic call parsing ran for 0.033 secs (0.032u,0.s)
Doing parsing (n= 274 ) for "ParsingElaborated" with big :
Tactic call parsing ran for 0.033 secs (0.033u,0.s)
Doing parsing (n= 275 ) for "ParsingElaborated" with big :
Tactic call parsing ran for 0.057 secs (0.057u,0.s)
Doing parsing (n= 276 ) for "ParsingElaborated" with big :
Tactic call parsing ran for 0.191 secs (0.187u,0.003s)
Doing parsing (n= 277 ) for "ParsingElaborated" with big :
Tactic call parsing ran for 0.033 secs (0.033u,0.s)
Doing parsing (n= 278 ) for "ParsingElaborated" with big :
Tactic call parsing ran for 0.056 secs (0.052u,0.004s)
Doing parsing (n= 279 ) for "ParsingElaborated" with big :
Tactic call parsing ran for 0.034 secs (0.034u,0.s)
Doing parsing (n= 280 ) for "ParsingElaborated" with big :
Tactic call parsing ran for 0.061 secs (0.061u,0.s)
Doing parsing (n= 281 ) for "ParsingElaborated" with big :
Tactic call parsing ran for 0.034 secs (0.034u,0.s)
Doing parsing (n= 282 ) for "ParsingElaborated" with big :
Tactic call parsing ran for 0.035 secs (0.035u,0.s)
Doing parsing (n= 283 ) for "ParsingElaborated" with big :
Tactic call parsing ran for 0.042 secs (0.042u,0.s)
Doing parsing (n= 284 ) for "ParsingElaborated" with big :
Tactic call parsing ran for 0.035 secs (0.035u,0.s)
Doing parsing (n= 285 ) for "ParsingElaborated" with big :
Tactic call parsing ran for 0.035 secs (0.035u,0.s)
Doing parsing (n= 286 ) for "ParsingElaborated" with big :
Tactic call parsing ran for 0.062 secs (0.062u,0.s)
Doing parsing (n= 287 ) for "ParsingElaborated" with big :
Tactic call parsing ran for 0.035 secs (0.035u,0.s)
Doing parsing (n= 288 ) for "ParsingElaborated" with big :
Tactic call parsing ran for 0.034 secs (0.034u,0.s)
Doing parsing (n= 289 ) for "ParsingElaborated" with big :
Tactic call parsing ran for 0.043 secs (0.043u,0.s)
Doing parsing (n= 290 ) for "ParsingElaborated" with big :
Tactic call parsing ran for 0.035 secs (0.035u,0.s)
Doing parsing (n= 291 ) for "ParsingElaborated" with big :
Tactic call parsing ran for 0.061 secs (0.061u,0.s)
Doing parsing (n= 292 ) for "ParsingElaborated" with big :
Tactic call parsing ran for 0.036 secs (0.036u,0.s)
Doing parsing (n= 293 ) for "ParsingElaborated" with big :
Tactic call parsing ran for 0.036 secs (0.036u,0.s)
Doing parsing (n= 294 ) for "ParsingElaborated" with big :
Tactic call parsing ran for 0.045 secs (0.045u,0.s)
Doing parsing (n= 295 ) for "ParsingElaborated" with big :
Tactic call parsing ran for 0.036 secs (0.036u,0.s)
Doing parsing (n= 296 ) for "ParsingElaborated" with big :
Tactic call parsing ran for 0.065 secs (0.061u,0.003s)
Doing parsing (n= 297 ) for "ParsingElaborated" with big :
Tactic call parsing ran for 0.037 secs (0.037u,0.s)
Doing parsing (n= 298 ) for "ParsingElaborated" with big :
Tactic call parsing ran for 0.036 secs (0.036u,0.s)
Doing parsing (n= 299 ) for "ParsingElaborated" with big :
Tactic call parsing ran for 0.062 secs (0.062u,0.s)
Doing parsing (n= 300 ) for "ParsingElaborated" with big :
Tactic call parsing ran for 0.04 secs (0.04u,0.s)
Doing parsing (n= 301 ) for "ParsingElaborated" with big :
Tactic call parsing ran for 0.04 secs (0.04u,0.s)
Doing parsing (n= 302 ) for "ParsingElaborated" with big :
Tactic call parsing ran for 0.064 secs (0.064u,0.s)
Doing parsing (n= 303 ) for "ParsingElaborated" with big :
Tactic call parsing ran for 0.039 secs (0.035u,0.003s)
Doing parsing (n= 304 ) for "ParsingElaborated" with big :
Tactic call parsing ran for 0.068 secs (0.068u,0.s)
Doing parsing (n= 305 ) for "ParsingElaborated" with big :
Tactic call parsing ran for 0.039 secs (0.039u,0.s)
Doing parsing (n= 306 ) for "ParsingElaborated" with big :
Tactic call parsing ran for 0.039 secs (0.039u,0.s)
Doing parsing (n= 307 ) for "ParsingElaborated" with big :
Tactic call parsing ran for 0.072 secs (0.072u,0.s)
Doing parsing (n= 308 ) for "ParsingElaborated" with big :
Tactic call parsing ran for 0.04 secs (0.037u,0.003s)
Doing parsing (n= 309 ) for "ParsingElaborated" with big :
Tactic call parsing ran for 0.069 secs (0.069u,0.s)
Doing parsing (n= 310 ) for "ParsingElaborated" with big :
Tactic call parsing ran for 0.041 secs (0.041u,0.s)
Doing parsing (n= 311 ) for "ParsingElaborated" with big :
Tactic call parsing ran for 0.041 secs (0.041u,0.s)
Doing parsing (n= 312 ) for "ParsingElaborated" with big :
Tactic call parsing ran for 0.073 secs (0.073u,0.s)
Doing parsing (n= 313 ) for "ParsingElaborated" with big :
Tactic call parsing ran for 0.041 secs (0.041u,0.s)
Doing parsing (n= 314 ) for "ParsingElaborated" with big :
Tactic call parsing ran for 0.072 secs (0.068u,0.003s)
Doing parsing (n= 315 ) for "ParsingElaborated" with big :
Tactic call parsing ran for 0.042 secs (0.042u,0.s)
Doing parsing (n= 316 ) for "ParsingElaborated" with big :
Tactic call parsing ran for 0.042 secs (0.042u,0.s)
Doing parsing (n= 317 ) for "ParsingElaborated" with big :
Tactic call parsing ran for 0.075 secs (0.075u,0.s)
Doing parsing (n= 318 ) for "ParsingElaborated" with big :
Tactic call parsing ran for 0.042 secs (0.042u,0.s)
Doing parsing (n= 319 ) for "ParsingElaborated" with big :
Tactic call parsing ran for 0.071 secs (0.071u,0.s)
Doing parsing (n= 320 ) for "ParsingElaborated" with big :
Tactic call parsing ran for 0.042 secs (0.042u,0.s)
Doing parsing (n= 321 ) for "ParsingElaborated" with big :
Tactic call parsing ran for 0.042 secs (0.042u,0.s)
Doing parsing (n= 322 ) for "ParsingElaborated" with big :
Tactic call parsing ran for 0.083 secs (0.083u,0.s)
Doing parsing (n= 323 ) for "ParsingElaborated" with big :
Tactic call parsing ran for 0.044 secs (0.044u,0.s)
Doing parsing (n= 324 ) for "ParsingElaborated" with big :
Tactic call parsing ran for 0.072 secs (0.072u,0.s)
Doing parsing (n= 325 ) for "ParsingElaborated" with big :
Tactic call parsing ran for 0.043 secs (0.043u,0.s)
Doing parsing (n= 326 ) for "ParsingElaborated" with big :
Tactic call parsing ran for 0.119 secs (0.115u,0.003s)
Doing parsing (n= 327 ) for "ParsingElaborated" with big :
Tactic call parsing ran for 0.044 secs (0.044u,0.s)
Doing parsing (n= 328 ) for "ParsingElaborated" with big :
Tactic call parsing ran for 0.044 secs (0.044u,0.s)
Doing parsing (n= 329 ) for "ParsingElaborated" with big :
Tactic call parsing ran for 0.071 secs (0.071u,0.s)
Doing parsing (n= 330 ) for "ParsingElaborated" with big :
Tactic call parsing ran for 0.043 secs (0.039u,0.003s)
Doing parsing (n= 331 ) for "ParsingElaborated" with big :
Tactic call parsing ran for 0.102 secs (0.102u,0.s)
Doing parsing (n= 332 ) for "ParsingElaborated" with big :
Tactic call parsing ran for 0.044 secs (0.044u,0.s)
Doing parsing (n= 333 ) for "ParsingElaborated" with big :
Tactic call parsing ran for 0.069 secs (0.069u,0.s)
Doing parsing (n= 334 ) for "ParsingElaborated" with big :
Tactic call parsing ran for 0.044 secs (0.044u,0.s)
Doing parsing (n= 335 ) for "ParsingElaborated" with big :
Tactic call parsing ran for 0.045 secs (0.045u,0.s)
Doing parsing (n= 336 ) for "ParsingElaborated" with big :
Tactic call parsing ran for 0.108 secs (0.108u,0.s)
Doing parsing (n= 337 ) for "ParsingElaborated" with big :
Tactic call parsing ran for 0.046 secs (0.046u,0.s)
Doing parsing (n= 338 ) for "ParsingElaborated" with big :
Tactic call parsing ran for 0.076 secs (0.068u,0.007s)
Doing parsing (n= 339 ) for "ParsingElaborated" with big :
Tactic call parsing ran for 0.046 secs (0.046u,0.s)
Doing parsing (n= 340 ) for "ParsingElaborated" with big :
Tactic call parsing ran for 0.108 secs (0.108u,0.s)
Doing parsing (n= 341 ) for "ParsingElaborated" with big :
Tactic call parsing ran for 0.047 secs (0.039u,0.007s)
Doing parsing (n= 342 ) for "ParsingElaborated" with big :
Tactic call parsing ran for 0.046 secs (0.046u,0.s)
Doing parsing (n= 343 ) for "ParsingElaborated" with big :
Tactic call parsing ran for 0.071 secs (0.071u,0.s)
Doing parsing (n= 344 ) for "ParsingElaborated" with big :
Tactic call parsing ran for 0.046 secs (0.042u,0.003s)
Doing parsing (n= 345 ) for "ParsingElaborated" with big :
Tactic call parsing ran for 0.065 secs (0.065u,0.s)
Doing parsing (n= 346 ) for "ParsingElaborated" with big :
Tactic call parsing ran for 0.047 secs (0.047u,0.s)
Doing parsing (n= 347 ) for "ParsingElaborated" with big :
Tactic call parsing ran for 0.075 secs (0.071u,0.003s)
Doing parsing (n= 348 ) for "ParsingElaborated" with big :
Tactic call parsing ran for 0.047 secs (0.047u,0.s)
Doing parsing (n= 349 ) for "ParsingElaborated" with big :
Tactic call parsing ran for 0.072 secs (0.072u,0.s)
Doing parsing (n= 350 ) for "ParsingElaborated" with big :
Tactic call parsing ran for 0.048 secs (0.048u,0.s)
Doing parsing (n= 351 ) for "ParsingElaborated" with big :
Tactic call parsing ran for 0.079 secs (0.075u,0.004s)
Doing parsing (n= 352 ) for "ParsingElaborated" with big :
Tactic call parsing ran for 0.048 secs (0.048u,0.s)
Doing parsing (n= 353 ) for "ParsingElaborated" with big :
Tactic call parsing ran for 0.049 secs (0.049u,0.s)
Doing parsing (n= 354 ) for "ParsingElaborated" with big :
Tactic call parsing ran for 0.07 secs (0.07u,0.s)
Doing parsing (n= 355 ) for "ParsingElaborated" with big :
Tactic call parsing ran for 0.05 secs (0.05u,0.s)
Doing parsing (n= 356 ) for "ParsingElaborated" with big :
Tactic call parsing ran for 0.077 secs (0.077u,0.s)
Doing parsing (n= 357 ) for "ParsingElaborated" with big :
Tactic call parsing ran for 0.049 secs (0.049u,0.s)
Doing parsing (n= 358 ) for "ParsingElaborated" with big :
Tactic call parsing ran for 0.071 secs (0.071u,0.s)
Doing parsing (n= 359 ) for "ParsingElaborated" with big :
Tactic call parsing ran for 0.049 secs (0.049u,0.s)
Doing parsing (n= 360 ) for "ParsingElaborated" with big :
Tactic call parsing ran for 0.073 secs (0.073u,0.s)
Doing parsing (n= 361 ) for "ParsingElaborated" with big :
Tactic call parsing ran for 0.049 secs (0.049u,0.s)
Doing parsing (n= 362 ) for "ParsingElaborated" with big :
Tactic call parsing ran for 0.057 secs (0.057u,0.s)
Doing parsing (n= 363 ) for "ParsingElaborated" with big :
Tactic call parsing ran for 0.047 secs (0.047u,0.s)
Doing parsing (n= 364 ) for "ParsingElaborated" with big :
Tactic call parsing ran for 0.074 secs (0.074u,0.s)
Doing parsing (n= 365 ) for "ParsingElaborated" with big :
Tactic call parsing ran for 0.048 secs (0.048u,0.s)
Doing parsing (n= 366 ) for "ParsingElaborated" with big :
Tactic call parsing ran for 0.048 secs (0.048u,0.s)
Doing parsing (n= 367 ) for "ParsingElaborated" with big :
Tactic call parsing ran for 0.049 secs (0.049u,0.s)
Doing parsing (n= 368 ) for "ParsingElaborated" with big :
Tactic call parsing ran for 0.048 secs (0.048u,0.s)
Doing parsing (n= 369 ) for "ParsingElaborated" with big :
Tactic call parsing ran for 0.075 secs (0.075u,0.s)
Doing parsing (n= 370 ) for "ParsingElaborated" with big :
Tactic call parsing ran for 0.049 secs (0.049u,0.s)
Doing parsing (n= 371 ) for "ParsingElaborated" with big :
Tactic call parsing ran for 0.052 secs (0.052u,0.s)
Doing parsing (n= 372 ) for "ParsingElaborated" with big :
Tactic call parsing ran for 0.05 secs (0.05u,0.s)
Doing parsing (n= 373 ) for "ParsingElaborated" with big :
Tactic call parsing ran for 0.077 secs (0.077u,0.s)
Doing parsing (n= 374 ) for "ParsingElaborated" with big :
Tactic call parsing ran for 0.049 secs (0.049u,0.s)
Doing parsing (n= 375 ) for "ParsingElaborated" with big :
Tactic call parsing ran for 0.057 secs (0.057u,0.s)
Doing parsing (n= 376 ) for "ParsingElaborated" with big :
Tactic call parsing ran for 0.049 secs (0.049u,0.s)
Doing parsing (n= 377 ) for "ParsingElaborated" with big :
Tactic call parsing ran for 0.072 secs (0.069u,0.003s)
Doing parsing (n= 378 ) for "ParsingElaborated" with big :
Tactic call parsing ran for 0.05 secs (0.046u,0.004s)
Doing parsing (n= 379 ) for "ParsingElaborated" with big :
Tactic call parsing ran for 0.059 secs (0.059u,0.s)
Doing parsing (n= 380 ) for "ParsingElaborated" with big :
Tactic call parsing ran for 0.052 secs (0.052u,0.s)
Doing parsing (n= 381 ) for "ParsingElaborated" with big :
Tactic call parsing ran for 0.075 secs (0.075u,0.s)
Doing parsing (n= 382 ) for "ParsingElaborated" with big :
Tactic call parsing ran for 0.051 secs (0.051u,0.s)
Doing parsing (n= 383 ) for "ParsingElaborated" with big :
Tactic call parsing ran for 0.059 secs (0.059u,0.s)
Doing parsing (n= 384 ) for "ParsingElaborated" with big :
Tactic call parsing ran for 0.052 secs (0.052u,0.s)
Doing parsing (n= 385 ) for "ParsingElaborated" with big :
Tactic call parsing ran for 0.077 secs (0.069u,0.007s)
Doing parsing (n= 386 ) for "ParsingElaborated" with big :
Tactic call parsing ran for 0.053 secs (0.053u,0.s)
Doing parsing (n= 387 ) for "ParsingElaborated" with big :
Tactic call parsing ran for 0.06 secs (0.06u,0.s)
Doing parsing (n= 388 ) for "ParsingElaborated" with big :
Tactic call parsing ran for 0.053 secs (0.053u,0.s)
Doing parsing (n= 389 ) for "ParsingElaborated" with big :
Tactic call parsing ran for 0.074 secs (0.074u,0.s)
Doing parsing (n= 390 ) for "ParsingElaborated" with big :
Tactic call parsing ran for 0.051 secs (0.051u,0.s)
Doing parsing (n= 391 ) for "ParsingElaborated" with big :
Tactic call parsing ran for 0.057 secs (0.057u,0.s)
Doing parsing (n= 392 ) for "ParsingElaborated" with big :
Tactic call parsing ran for 0.381 secs (0.377u,0.003s)
Doing parsing (n= 393 ) for "ParsingElaborated" with big :
Tactic call parsing ran for 0.079 secs (0.079u,0.s)
Doing parsing (n= 394 ) for "ParsingElaborated" with big :
Tactic call parsing ran for 0.053 secs (0.053u,0.s)
Doing parsing (n= 395 ) for "ParsingElaborated" with big :
Tactic call parsing ran for 0.092 secs (0.092u,0.s)
Doing parsing (n= 396 ) for "ParsingElaborated" with big :
Tactic call parsing ran for 0.055 secs (0.055u,0.s)
Doing parsing (n= 397 ) for "ParsingElaborated" with big :
Tactic call parsing ran for 0.078 secs (0.066u,0.011s)
Doing parsing (n= 398 ) for "ParsingElaborated" with big :
Tactic call parsing ran for 0.06 secs (0.06u,0.s)
Doing parsing (n= 399 ) for "ParsingElaborated" with big :
Tactic call parsing ran for 0.054 secs (0.054u,0.s)
Doing parsing (n= 400 ) for "ParsingElaborated" with big :
Tactic call parsing ran for 0.083 secs (0.083u,0.s)
Doing parsing (n= 401 ) for "ParsingElaborated" with big :
Tactic call parsing ran for 0.055 secs (0.055u,0.s)
Doing parsing (n= 402 ) for "ParsingElaborated" with big :
Tactic call parsing ran for 0.065 secs (0.065u,0.s)
Doing parsing (n= 403 ) for "ParsingElaborated" with big :
Tactic call parsing ran for 0.055 secs (0.055u,0.s)
Doing parsing (n= 404 ) for "ParsingElaborated" with big :
Tactic call parsing ran for 0.085 secs (0.081u,0.003s)
Doing parsing (n= 405 ) for "ParsingElaborated" with big :
Tactic call parsing ran for 0.056 secs (0.052u,0.004s)
Doing parsing (n= 406 ) for "ParsingElaborated" with big :
Tactic call parsing ran for 0.079 secs (0.079u,0.s)
Doing parsing (n= 407 ) for "ParsingElaborated" with big :
Tactic call parsing ran for 0.06 secs (0.06u,0.s)
Doing parsing (n= 408 ) for "ParsingElaborated" with big :
Tactic call parsing ran for 0.082 secs (0.082u,0.s)
Doing parsing (n= 409 ) for "ParsingElaborated" with big :
Tactic call parsing ran for 0.059 secs (0.059u,0.s)
Doing parsing (n= 410 ) for "ParsingElaborated" with big :
Tactic call parsing ran for 0.083 secs (0.083u,0.s)
Doing parsing (n= 411 ) for "ParsingElaborated" with big :
Tactic call parsing ran for 0.06 secs (0.06u,0.s)
Doing parsing (n= 412 ) for "ParsingElaborated" with big :
Tactic call parsing ran for 0.093 secs (0.089u,0.003s)
Doing parsing (n= 413 ) for "ParsingElaborated" with big :
Tactic call parsing ran for 0.06 secs (0.06u,0.s)
Doing parsing (n= 414 ) for "ParsingElaborated" with big :
Tactic call parsing ran for 0.082 secs (0.082u,0.s)
Doing parsing (n= 415 ) for "ParsingElaborated" with big :
Tactic call parsing ran for 0.085 secs (0.085u,0.s)
Doing parsing (n= 416 ) for "ParsingElaborated" with big :
Tactic call parsing ran for 0.06 secs (0.06u,0.s)
Doing parsing (n= 417 ) for "ParsingElaborated" with big :
Tactic call parsing ran for 0.09 secs (0.09u,0.s)
Doing parsing (n= 418 ) for "ParsingElaborated" with big :
Tactic call parsing ran for 0.062 secs (0.062u,0.s)
Doing parsing (n= 419 ) for "ParsingElaborated" with big :
Tactic call parsing ran for 0.096 secs (0.096u,0.s)
Doing parsing (n= 420 ) for "ParsingElaborated" with big :
Tactic call parsing ran for 0.061 secs (0.053u,0.007s)
Doing parsing (n= 421 ) for "ParsingElaborated" with big :
Tactic call parsing ran for 0.087 secs (0.087u,0.s)
Doing parsing (n= 422 ) for "ParsingElaborated" with big :
Tactic call parsing ran for 0.061 secs (0.061u,0.s)
Doing parsing (n= 423 ) for "ParsingElaborated" with big :
Tactic call parsing ran for 0.091 secs (0.091u,0.s)
Doing parsing (n= 424 ) for "ParsingElaborated" with big :
Tactic call parsing ran for 0.09 secs (0.086u,0.003s)
Doing parsing (n= 425 ) for "ParsingElaborated" with big :
Tactic call parsing ran for 0.063 secs (0.063u,0.s)
Doing parsing (n= 426 ) for "ParsingElaborated" with big :
Tactic call parsing ran for 0.153 secs (0.153u,0.s)
Doing parsing (n= 427 ) for "ParsingElaborated" with big :
Tactic call parsing ran for 0.063 secs (0.063u,0.s)
Doing parsing (n= 428 ) for "ParsingElaborated" with big :
Tactic call parsing ran for 0.093 secs (0.093u,0.s)
Doing parsing (n= 429 ) for "ParsingElaborated" with big :
Tactic call parsing ran for 0.064 secs (0.064u,0.s)
Doing parsing (n= 430 ) for "ParsingElaborated" with big :
Tactic call parsing ran for 0.144 secs (0.144u,0.s)
Doing parsing (n= 431 ) for "ParsingElaborated" with big :
Tactic call parsing ran for 0.064 secs (0.064u,0.s)
Doing parsing (n= 432 ) for "ParsingElaborated" with big :
Tactic call parsing ran for 0.086 secs (0.082u,0.003s)
Doing parsing (n= 433 ) for "ParsingElaborated" with big :
Tactic call parsing ran for 0.122 secs (0.122u,0.s)
Doing parsing (n= 434 ) for "ParsingElaborated" with big :
Tactic call parsing ran for 0.065 secs (0.065u,0.s)
Doing parsing (n= 435 ) for "ParsingElaborated" with big :
Tactic call parsing ran for 0.094 secs (0.078u,0.015s)
Doing parsing (n= 436 ) for "ParsingElaborated" with big :
Tactic call parsing ran for 0.064 secs (0.064u,0.s)
Doing parsing (n= 437 ) for "ParsingElaborated" with big :
Tactic call parsing ran for 0.15 secs (0.15u,0.s)
Doing parsing (n= 438 ) for "ParsingElaborated" with big :
Tactic call parsing ran for 0.066 secs (0.066u,0.s)
Doing parsing (n= 439 ) for "ParsingElaborated" with big :
Tactic call parsing ran for 0.065 secs (0.065u,0.s)
Doing parsing (n= 440 ) for "ParsingElaborated" with big :
Tactic call parsing ran for 0.116 secs (0.112u,0.003s)
Doing parsing (n= 441 ) for "ParsingElaborated" with big :
Tactic call parsing ran for 0.065 secs (0.065u,0.s)
Doing parsing (n= 442 ) for "ParsingElaborated" with big :
Tactic call parsing ran for 0.095 secs (0.095u,0.s)
Doing parsing (n= 443 ) for "ParsingElaborated" with big :
Tactic call parsing ran for 0.066 secs (0.066u,0.s)
Doing parsing (n= 444 ) for "ParsingElaborated" with big :
Tactic call parsing ran for 0.15 secs (0.15u,0.s)
Doing parsing (n= 445 ) for "ParsingElaborated" with big :
Tactic call parsing ran for 0.095 secs (0.095u,0.s)
Doing parsing (n= 446 ) for "ParsingElaborated" with big :
Tactic call parsing ran for 0.068 secs (0.068u,0.s)
Doing parsing (n= 447 ) for "ParsingElaborated" with big :
Tactic call parsing ran for 0.146 secs (0.146u,0.s)
Doing parsing (n= 448 ) for "ParsingElaborated" with big :
Tactic call parsing ran for 0.069 secs (0.069u,0.s)
Doing parsing (n= 449 ) for "ParsingElaborated" with big :
Tactic call parsing ran for 0.092 secs (0.092u,0.s)
Doing parsing (n= 450 ) for "ParsingElaborated" with big :
Tactic call parsing ran for 0.139 secs (0.139u,0.s)
Doing parsing (n= 451 ) for "ParsingElaborated" with big :
Tactic call parsing ran for 0.069 secs (0.069u,0.s)
Doing parsing (n= 452 ) for "ParsingElaborated" with big :
Tactic call parsing ran for 0.092 secs (0.092u,0.s)
Doing parsing (n= 453 ) for "ParsingElaborated" with big :
Tactic call parsing ran for 0.07 secs (0.07u,0.s)
Doing parsing (n= 454 ) for "ParsingElaborated" with big :
Tactic call parsing ran for 0.097 secs (0.097u,0.s)
Doing parsing (n= 455 ) for "ParsingElaborated" with big :
Tactic call parsing ran for 0.106 secs (0.106u,0.s)
Doing parsing (n= 456 ) for "ParsingElaborated" with big :
Tactic call parsing ran for 0.072 secs (0.072u,0.s)
Doing parsing (n= 457 ) for "ParsingElaborated" with big :
Tactic call parsing ran for 0.093 secs (0.093u,0.s)
Doing parsing (n= 458 ) for "ParsingElaborated" with big :
Tactic call parsing ran for 0.07 secs (0.07u,0.s)
Doing parsing (n= 459 ) for "ParsingElaborated" with big :
Tactic call parsing ran for 0.094 secs (0.086u,0.007s)
Doing parsing (n= 460 ) for "ParsingElaborated" with big :
Tactic call parsing ran for 0.091 secs (0.091u,0.s)
Doing parsing (n= 461 ) for "ParsingElaborated" with big :
Tactic call parsing ran for 0.071 secs (0.071u,0.s)
Doing parsing (n= 462 ) for "ParsingElaborated" with big :
Tactic call parsing ran for 0.095 secs (0.091u,0.003s)
Doing parsing (n= 463 ) for "ParsingElaborated" with big :
Tactic call parsing ran for 0.072 secs (0.072u,0.s)
Doing parsing (n= 464 ) for "ParsingElaborated" with big :
Tactic call parsing ran for 0.094 secs (0.094u,0.s)
Doing parsing (n= 465 ) for "ParsingElaborated" with big :
Tactic call parsing ran for 0.098 secs (0.098u,0.s)
Doing parsing (n= 466 ) for "ParsingElaborated" with big :
Tactic call parsing ran for 0.072 secs (0.072u,0.s)
Doing parsing (n= 467 ) for "ParsingElaborated" with big :
Tactic call parsing ran for 0.093 secs (0.093u,0.s)
Doing parsing (n= 468 ) for "ParsingElaborated" with big :
Tactic call parsing ran for 0.073 secs (0.073u,0.s)
Doing parsing (n= 469 ) for "ParsingElaborated" with big :
Tactic call parsing ran for 0.096 secs (0.096u,0.s)
Doing parsing (n= 470 ) for "ParsingElaborated" with big :
Tactic call parsing ran for 0.091 secs (0.091u,0.s)
Doing parsing (n= 471 ) for "ParsingElaborated" with big :
Tactic call parsing ran for 0.073 secs (0.073u,0.s)
Doing parsing (n= 472 ) for "ParsingElaborated" with big :
Tactic call parsing ran for 0.101 secs (0.101u,0.s)
Doing parsing (n= 473 ) for "ParsingElaborated" with big :
Tactic call parsing ran for 0.097 secs (0.097u,0.s)
Doing parsing (n= 474 ) for "ParsingElaborated" with big :
Tactic call parsing ran for 0.075 secs (0.075u,0.s)
Doing parsing (n= 475 ) for "ParsingElaborated" with big :
Tactic call parsing ran for 0.096 secs (0.092u,0.003s)
Doing parsing (n= 476 ) for "ParsingElaborated" with big :
Tactic call parsing ran for 0.074 secs (0.074u,0.s)
Doing parsing (n= 477 ) for "ParsingElaborated" with big :
Tactic call parsing ran for 0.074 secs (0.074u,0.s)
Doing parsing (n= 478 ) for "ParsingElaborated" with big :
Tactic call parsing ran for 0.097 secs (0.097u,0.s)
Doing parsing (n= 479 ) for "ParsingElaborated" with big :
Tactic call parsing ran for 0.075 secs (0.071u,0.003s)
Doing parsing (n= 480 ) for "ParsingElaborated" with big :
Tactic call parsing ran for 0.078 secs (0.078u,0.s)
Doing parsing (n= 481 ) for "ParsingElaborated" with big :
Tactic call parsing ran for 0.096 secs (0.092u,0.003s)
Doing parsing (n= 482 ) for "ParsingElaborated" with big :
Tactic call parsing ran for 0.071 secs (0.071u,0.s)
Doing parsing (n= 483 ) for "ParsingElaborated" with big :
Tactic call parsing ran for 0.071 secs (0.071u,0.s)
Doing parsing (n= 484 ) for "ParsingElaborated" with big :
Tactic call parsing ran for 0.095 secs (0.095u,0.s)
Doing parsing (n= 485 ) for "ParsingElaborated" with big :
Tactic call parsing ran for 0.072 secs (0.072u,0.s)
Doing parsing (n= 486 ) for "ParsingElaborated" with big :
Tactic call parsing ran for 0.075 secs (0.072u,0.003s)
Doing parsing (n= 487 ) for "ParsingElaborated" with big :
Tactic call parsing ran for 0.102 secs (0.098u,0.004s)
Doing parsing (n= 488 ) for "ParsingElaborated" with big :
Tactic call parsing ran for 0.073 secs (0.073u,0.s)
Doing parsing (n= 489 ) for "ParsingElaborated" with big :
Tactic call parsing ran for 0.081 secs (0.081u,0.s)
Doing parsing (n= 490 ) for "ParsingElaborated" with big :
Tactic call parsing ran for 0.104 secs (0.104u,0.s)
Doing parsing (n= 491 ) for "ParsingElaborated" with big :
Tactic call parsing ran for 0.073 secs (0.069u,0.003s)
Doing parsing (n= 492 ) for "ParsingElaborated" with big :
Tactic call parsing ran for 0.082 secs (0.082u,0.s)
Doing parsing (n= 493 ) for "ParsingElaborated" with big :
Tactic call parsing ran for 0.075 secs (0.071u,0.003s)
Doing parsing (n= 494 ) for "ParsingElaborated" with big :
Tactic call parsing ran for 0.103 secs (0.103u,0.s)
Doing parsing (n= 495 ) for "ParsingElaborated" with big :
Tactic call parsing ran for 0.081 secs (0.077u,0.003s)
Doing parsing (n= 496 ) for "ParsingElaborated" with big :
Tactic call parsing ran for 0.075 secs (0.075u,0.s)
Doing parsing (n= 497 ) for "ParsingElaborated" with big :
Tactic call parsing ran for 0.099 secs (0.095u,0.003s)
Doing parsing (n= 498 ) for "ParsingElaborated" with big :
Tactic call parsing ran for 0.082 secs (0.082u,0.s)
Doing parsing (n= 499 ) for "ParsingElaborated" with big :
Tactic call parsing ran for 0.076 secs (0.076u,0.s)
Doing parsing (n= 500 ) for "ParsingElaborated" with big :
Tactic call parsing ran for 0.098 secs (0.094u,0.003s)
Doing parsing (n= 500 ) for "ParsingElaborated" with big :
Tactic call parsing ran for 0.083 secs (0.083u,0.s)
Doing parsing (n= 505 ) for "ParsingElaborated" with big :
Tactic call parsing ran for 0.078 secs (0.078u,0.s)
Doing parsing (n= 510 ) for "ParsingElaborated" with big :
Tactic call parsing ran for 0.101 secs (0.101u,0.s)
Doing parsing (n= 515 ) for "ParsingElaborated" with big :
Tactic call parsing ran for 0.085 secs (0.085u,0.s)
Doing parsing (n= 520 ) for "ParsingElaborated" with big :
Tactic call parsing ran for 0.111 secs (0.111u,0.s)
Doing parsing (n= 525 ) for "ParsingElaborated" with big :
Tactic call parsing ran for 0.082 secs (0.081u,0.s)
Doing parsing (n= 530 ) for "ParsingElaborated" with big :
Tactic call parsing ran for 0.088 secs (0.088u,0.s)
Doing parsing (n= 535 ) for "ParsingElaborated" with big :
Tactic call parsing ran for 0.109 secs (0.109u,0.s)
Doing parsing (n= 540 ) for "ParsingElaborated" with big :
Tactic call parsing ran for 0.086 secs (0.086u,0.s)
Doing parsing (n= 545 ) for "ParsingElaborated" with big :
Tactic call parsing ran for 0.097 secs (0.097u,0.s)
Doing parsing (n= 550 ) for "ParsingElaborated" with big :
Tactic call parsing ran for 0.113 secs (0.109u,0.003s)
Doing parsing (n= 555 ) for "ParsingElaborated" with big :
Tactic call parsing ran for 0.099 secs (0.099u,0.s)
Doing parsing (n= 560 ) for "ParsingElaborated" with big :
Tactic call parsing ran for 0.091 secs (0.091u,0.s)
Doing parsing (n= 565 ) for "ParsingElaborated" with big :
Tactic call parsing ran for 0.111 secs (0.106u,0.003s)
Doing parsing (n= 570 ) for "ParsingElaborated" with big :
Tactic call parsing ran for 0.102 secs (0.102u,0.s)
Doing parsing (n= 575 ) for "ParsingElaborated" with big :
Tactic call parsing ran for 0.114 secs (0.114u,0.s)
Doing parsing (n= 580 ) for "ParsingElaborated" with big :
Tactic call parsing ran for 0.096 secs (0.096u,0.s)
Doing parsing (n= 585 ) for "ParsingElaborated" with big :
Tactic call parsing ran for 0.105 secs (0.105u,0.s)
Doing parsing (n= 590 ) for "ParsingElaborated" with big :
Tactic call parsing ran for 0.119 secs (0.111u,0.007s)
Doing parsing (n= 595 ) for "ParsingElaborated" with big :
Tactic call parsing ran for 0.107 secs (0.103u,0.003s)
Doing parsing (n= 600 ) for "ParsingElaborated" with big :
Tactic call parsing ran for 0.117 secs (0.117u,0.s)
Doing parsing (n= 605 ) for "ParsingElaborated" with big :
Tactic call parsing ran for 0.111 secs (0.111u,0.s)
Doing parsing (n= 610 ) for "ParsingElaborated" with big :
Tactic call parsing ran for 0.104 secs (0.1u,0.003s)
Doing parsing (n= 615 ) for "ParsingElaborated" with big :
Tactic call parsing ran for 0.124 secs (0.124u,0.s)
Doing parsing (n= 620 ) for "ParsingElaborated" with big :
Tactic call parsing ran for 0.113 secs (0.113u,0.s)
Doing parsing (n= 625 ) for "ParsingElaborated" with big :
Tactic call parsing ran for 0.129 secs (0.129u,0.s)
Doing parsing (n= 630 ) for "ParsingElaborated" with big :
Tactic call parsing ran for 0.119 secs (0.119u,0.s)
Doing parsing (n= 635 ) for "ParsingElaborated" with big :
Tactic call parsing ran for 0.13 secs (0.13u,0.s)
Doing parsing (n= 640 ) for "ParsingElaborated" with big :
Tactic call parsing ran for 0.121 secs (0.121u,0.s)
Doing parsing (n= 645 ) for "ParsingElaborated" with big :
Tactic call parsing ran for 0.115 secs (0.115u,0.s)
Doing parsing (n= 650 ) for "ParsingElaborated" with big :
Tactic call parsing ran for 0.137 secs (0.137u,0.s)
Doing parsing (n= 655 ) for "ParsingElaborated" with big :
Tactic call parsing ran for 0.125 secs (0.125u,0.s)
Doing parsing (n= 660 ) for "ParsingElaborated" with big :
Tactic call parsing ran for 0.135 secs (0.131u,0.003s)
Doing parsing (n= 665 ) for "ParsingElaborated" with big :
Tactic call parsing ran for 0.13 secs (0.13u,0.s)
Doing parsing (n= 670 ) for "ParsingElaborated" with big :
Tactic call parsing ran for 0.135 secs (0.135u,0.s)
Doing parsing (n= 675 ) for "ParsingElaborated" with big :
Tactic call parsing ran for 0.132 secs (0.132u,0.s)
Doing parsing (n= 680 ) for "ParsingElaborated" with big :
Tactic call parsing ran for 0.136 secs (0.136u,0.s)
Doing parsing (n= 685 ) for "ParsingElaborated" with big :
Tactic call parsing ran for 0.131 secs (0.131u,0.s)
Doing parsing (n= 690 ) for "ParsingElaborated" with big :
Tactic call parsing ran for 0.161 secs (0.157u,0.003s)
Doing parsing (n= 695 ) for "ParsingElaborated" with big :
Tactic call parsing ran for 0.148 secs (0.148u,0.s)
Doing parsing (n= 700 ) for "ParsingElaborated" with big :
Tactic call parsing ran for 0.178 secs (0.174u,0.003s)
Doing parsing (n= 705 ) for "ParsingElaborated" with big :
Tactic call parsing ran for 0.159 secs (0.159u,0.s)
Doing parsing (n= 710 ) for "ParsingElaborated" with big :
Tactic call parsing ran for 0.182 secs (0.178u,0.004s)
Doing parsing (n= 715 ) for "ParsingElaborated" with big :
Tactic call parsing ran for 0.161 secs (0.161u,0.s)
Doing parsing (n= 720 ) for "ParsingElaborated" with big :
Tactic call parsing ran for 0.185 secs (0.177u,0.007s)
Doing parsing (n= 725 ) for "ParsingElaborated" with big :
Tactic call parsing ran for 0.166 secs (0.162u,0.004s)
Doing parsing (n= 730 ) for "ParsingElaborated" with big :
Tactic call parsing ran for 1.622 secs (1.618u,0.003s)
Doing parsing (n= 735 ) for "ParsingElaborated" with big :
Tactic call parsing ran for 0.165 secs (0.161u,0.003s)
Doing parsing (n= 740 ) for "ParsingElaborated" with big :
Tactic call parsing ran for 0.24 secs (0.24u,0.s)
Doing parsing (n= 745 ) for "ParsingElaborated" with big :
Tactic call parsing ran for 0.165 secs (0.161u,0.003s)
Doing parsing (n= 750 ) for "ParsingElaborated" with big :
Tactic call parsing ran for 0.267 secs (0.267u,0.s)
Doing parsing (n= 755 ) for "ParsingElaborated" with big :
Tactic call parsing ran for 0.169 secs (0.169u,0.s)
Doing parsing (n= 760 ) for "ParsingElaborated" with big :
Tactic call parsing ran for 0.252 secs (0.251u,0.s)
Doing parsing (n= 765 ) for "ParsingElaborated" with big :
Tactic call parsing ran for 0.174 secs (0.17u,0.003s)
Doing parsing (n= 770 ) for "ParsingElaborated" with big :
Tactic call parsing ran for 0.259 secs (0.255u,0.003s)
Doing parsing (n= 775 ) for "ParsingElaborated" with big :
Tactic call parsing ran for 0.171 secs (0.171u,0.s)
Doing parsing (n= 780 ) for "ParsingElaborated" with big :
Tactic call parsing ran for 0.222 secs (0.222u,0.s)
Doing parsing (n= 785 ) for "ParsingElaborated" with big :
Tactic call parsing ran for 0.173 secs (0.173u,0.s)
Doing parsing (n= 790 ) for "ParsingElaborated" with big :
Tactic call parsing ran for 0.19 secs (0.19u,0.s)
Doing parsing (n= 795 ) for "ParsingElaborated" with big :
Tactic call parsing ran for 0.193 secs (0.189u,0.003s)
Doing parsing (n= 800 ) for "ParsingElaborated" with big :
Tactic call parsing ran for 0.182 secs (0.178u,0.003s)
Doing parsing (n= 805 ) for "ParsingElaborated" with big :
Tactic call parsing ran for 0.198 secs (0.194u,0.003s)
Doing parsing (n= 810 ) for "ParsingElaborated" with big :
Tactic call parsing ran for 0.186 secs (0.186u,0.s)
Doing parsing (n= 815 ) for "ParsingElaborated" with big :
Tactic call parsing ran for 0.201 secs (0.201u,0.s)
Doing parsing (n= 820 ) for "ParsingElaborated" with big :
Tactic call parsing ran for 0.196 secs (0.192u,0.003s)
Doing parsing (n= 825 ) for "ParsingElaborated" with big :
Tactic call parsing ran for 0.195 secs (0.195u,0.s)
Doing parsing (n= 830 ) for "ParsingElaborated" with big :
Tactic call parsing ran for 0.203 secs (0.203u,0.s)
Doing parsing (n= 835 ) for "ParsingElaborated" with big :
Tactic call parsing ran for 0.199 secs (0.199u,0.s)
Doing parsing (n= 840 ) for "ParsingElaborated" with big :
Tactic call parsing ran for 0.212 secs (0.204u,0.007s)
Doing parsing (n= 845 ) for "ParsingElaborated" with big :
Tactic call parsing ran for 0.191 secs (0.187u,0.004s)
Doing parsing (n= 850 ) for "ParsingElaborated" with big :
Tactic call parsing ran for 0.22 secs (0.216u,0.003s)
Doing parsing (n= 855 ) for "ParsingElaborated" with big :
Tactic call parsing ran for 0.208 secs (0.208u,0.s)
Doing parsing (n= 860 ) for "ParsingElaborated" with big :
Tactic call parsing ran for 0.208 secs (0.208u,0.s)
Doing parsing (n= 865 ) for "ParsingElaborated" with big :
Tactic call parsing ran for 0.221 secs (0.217u,0.003s)
Doing parsing (n= 870 ) for "ParsingElaborated" with big :
Tactic call parsing ran for 0.217 secs (0.213u,0.003s)
Doing parsing (n= 875 ) for "ParsingElaborated" with big :
Tactic call parsing ran for 0.202 secs (0.202u,0.s)
Doing parsing (n= 880 ) for "ParsingElaborated" with big :
Tactic call parsing ran for 0.224 secs (0.224u,0.s)
Doing parsing (n= 885 ) for "ParsingElaborated" with big :
Tactic call parsing ran for 0.208 secs (0.208u,0.s)
Doing parsing (n= 890 ) for "ParsingElaborated" with big :
Tactic call parsing ran for 0.231 secs (0.231u,0.s)
Doing parsing (n= 895 ) for "ParsingElaborated" with big :
Tactic call parsing ran for 0.221 secs (0.221u,0.s)
Doing parsing (n= 900 ) for "ParsingElaborated" with big :
Tactic call parsing ran for 0.208 secs (0.204u,0.003s)
Doing parsing (n= 905 ) for "ParsingElaborated" with big :
Tactic call parsing ran for 0.216 secs (0.216u,0.s)
Doing parsing (n= 910 ) for "ParsingElaborated" with big :
Tactic call parsing ran for 0.208 secs (0.2u,0.007s)
Doing parsing (n= 915 ) for "ParsingElaborated" with big :
Tactic call parsing ran for 0.215 secs (0.215u,0.s)
Doing parsing (n= 920 ) for "ParsingElaborated" with big :
Tactic call parsing ran for 0.234 secs (0.234u,0.s)
Doing parsing (n= 925 ) for "ParsingElaborated" with big :
Tactic call parsing ran for 0.219 secs (0.219u,0.s)
Doing parsing (n= 930 ) for "ParsingElaborated" with big :
Tactic call parsing ran for 0.223 secs (0.223u,0.s)
Doing parsing (n= 935 ) for "ParsingElaborated" with big :
Tactic call parsing ran for 0.234 secs (0.226u,0.007s)
Doing parsing (n= 940 ) for "ParsingElaborated" with big :
Tactic call parsing ran for 0.224 secs (0.224u,0.s)
Doing parsing (n= 945 ) for "ParsingElaborated" with big :
Tactic call parsing ran for 0.225 secs (0.221u,0.003s)
Doing parsing (n= 950 ) for "ParsingElaborated" with big :
Tactic call parsing ran for 0.219 secs (0.211u,0.007s)
Doing parsing (n= 955 ) for "ParsingElaborated" with big :
Tactic call parsing ran for 0.231 secs (0.227u,0.003s)
Doing parsing (n= 960 ) for "ParsingElaborated" with big :
Tactic call parsing ran for 0.233 secs (0.229u,0.004s)
Doing parsing (n= 965 ) for "ParsingElaborated" with big :
Tactic call parsing ran for 0.221 secs (0.218u,0.003s)
Doing parsing (n= 970 ) for "ParsingElaborated" with big :
Tactic call parsing ran for 0.263 secs (0.263u,0.s)
Doing parsing (n= 975 ) for "ParsingElaborated" with big :
Tactic call parsing ran for 0.237 secs (0.237u,0.s)
Doing parsing (n= 980 ) for "ParsingElaborated" with big :
Tactic call parsing ran for 0.243 secs (0.239u,0.003s)
Doing parsing (n= 985 ) for "ParsingElaborated" with big :
Tactic call parsing ran for 0.246 secs (0.246u,0.s)
Doing parsing (n= 990 ) for "ParsingElaborated" with big :
Tactic call parsing ran for 0.244 secs (0.244u,0.s)
Doing parsing (n= 995 ) for "ParsingElaborated" with big :
Tactic call parsing ran for 0.245 secs (0.245u,0.s)
Doing parsing (n= 1000 ) for "ParsingElaborated" with big :
Tactic call parsing ran for 0.242 secs (0.242u,0.s)
