Doing parsing (n= 1 ) for "Parsing" with big :
Tactic call parsing ran for 0. secs (0.u,0.s)
Doing parsing (n= 2 ) for "Parsing" with big :
Tactic call parsing ran for 0. secs (0.u,0.s)
Doing parsing (n= 3 ) for "Parsing" with big :
Tactic call parsing ran for 0. secs (0.u,0.s)
Doing parsing (n= 4 ) for "Parsing" with big :
Tactic call parsing ran for 0.001 secs (0.001u,0.s)
Doing parsing (n= 5 ) for "Parsing" with big :
Tactic call parsing ran for 0.001 secs (0.u,0.001s)
Doing parsing (n= 6 ) for "Parsing" with big :
Tactic call parsing ran for 0.001 secs (0.u,0.001s)
Doing parsing (n= 7 ) for "Parsing" with big :
Tactic call parsing ran for 0.001 secs (0.001u,0.s)
Doing parsing (n= 8 ) for "Parsing" with big :
Tactic call parsing ran for 0.001 secs (0.001u,0.s)
Doing parsing (n= 9 ) for "Parsing" with big :
Tactic call parsing ran for 0.002 secs (0.002u,0.s)
Doing parsing (n= 10 ) for "Parsing" with big :
Tactic call parsing ran for 0.002 secs (0.u,0.002s)
Doing parsing (n= 11 ) for "Parsing" with big :
Tactic call parsing ran for 0.002 secs (0.002u,0.s)
Doing parsing (n= 12 ) for "Parsing" with big :
Tactic call parsing ran for 0.002 secs (0.002u,0.s)
Doing parsing (n= 13 ) for "Parsing" with big :
Tactic call parsing ran for 0.002 secs (0.u,0.002s)
Doing parsing (n= 14 ) for "Parsing" with big :
Tactic call parsing ran for 0.002 secs (0.002u,0.s)
Doing parsing (n= 15 ) for "Parsing" with big :
Tactic call parsing ran for 0.003 secs (0.u,0.003s)
Doing parsing (n= 16 ) for "Parsing" with big :
Tactic call parsing ran for 0.003 secs (0.003u,0.s)
Doing parsing (n= 17 ) for "Parsing" with big :
Tactic call parsing ran for 0.003 secs (0.003u,0.s)
Doing parsing (n= 18 ) for "Parsing" with big :
Tactic call parsing ran for 0.003 secs (0.003u,0.s)
Doing parsing (n= 19 ) for "Parsing" with big :
Tactic call parsing ran for 0.004 secs (0.004u,0.s)
Doing parsing (n= 20 ) for "Parsing" with big :
Tactic call parsing ran for 0.004 secs (0.u,0.004s)
Doing parsing (n= 21 ) for "Parsing" with big :
Tactic call parsing ran for 0.004 secs (0.003u,0.001s)
Doing parsing (n= 22 ) for "Parsing" with big :
Tactic call parsing ran for 0.005 secs (0.005u,0.s)
Doing parsing (n= 23 ) for "Parsing" with big :
Tactic call parsing ran for 0.06 secs (0.048u,0.011s)
Doing parsing (n= 24 ) for "Parsing" with big :
Tactic call parsing ran for 0.003 secs (0.003u,0.s)
Doing parsing (n= 25 ) for "Parsing" with big :
Tactic call parsing ran for 0.004 secs (0.004u,0.s)
Doing parsing (n= 26 ) for "Parsing" with big :
Tactic call parsing ran for 0.004 secs (0.004u,0.s)
Doing parsing (n= 27 ) for "Parsing" with big :
Tactic call parsing ran for 0.004 secs (0.004u,0.s)
Doing parsing (n= 28 ) for "Parsing" with big :
Tactic call parsing ran for 0.004 secs (0.004u,0.s)
Doing parsing (n= 29 ) for "Parsing" with big :
Tactic call parsing ran for 0.004 secs (0.004u,0.s)
Doing parsing (n= 30 ) for "Parsing" with big :
Tactic call parsing ran for 0.005 secs (0.005u,0.s)
Doing parsing (n= 31 ) for "Parsing" with big :
Tactic call parsing ran for 0.005 secs (0.005u,0.s)
Doing parsing (n= 32 ) for "Parsing" with big :
Tactic call parsing ran for 0.005 secs (0.005u,0.s)
Doing parsing (n= 33 ) for "Parsing" with big :
Tactic call parsing ran for 0.014 secs (0.005u,0.s)
Doing parsing (n= 34 ) for "Parsing" with big :
Tactic call parsing ran for 0.006 secs (0.006u,0.s)
Doing parsing (n= 35 ) for "Parsing" with big :
Tactic call parsing ran for 0.011 secs (0.011u,0.s)
Doing parsing (n= 36 ) for "Parsing" with big :
Tactic call parsing ran for 0.006 secs (0.006u,0.s)
Doing parsing (n= 37 ) for "Parsing" with big :
Tactic call parsing ran for 0.006 secs (0.006u,0.s)
Doing parsing (n= 38 ) for "Parsing" with big :
Tactic call parsing ran for 0.007 secs (0.007u,0.s)
Doing parsing (n= 39 ) for "Parsing" with big :
Tactic call parsing ran for 0.007 secs (0.007u,0.s)
Doing parsing (n= 40 ) for "Parsing" with big :
Tactic call parsing ran for 0.007 secs (0.007u,0.s)
Doing parsing (n= 41 ) for "Parsing" with big :
Tactic call parsing ran for 0.007 secs (0.007u,0.s)
Doing parsing (n= 42 ) for "Parsing" with big :
Tactic call parsing ran for 0.015 secs (0.015u,0.s)
Doing parsing (n= 43 ) for "Parsing" with big :
Tactic call parsing ran for 0.008 secs (0.008u,0.s)
Doing parsing (n= 44 ) for "Parsing" with big :
Tactic call parsing ran for 0.008 secs (0.008u,0.s)
Doing parsing (n= 45 ) for "Parsing" with big :
Tactic call parsing ran for 0.009 secs (0.009u,0.s)
Doing parsing (n= 46 ) for "Parsing" with big :
Tactic call parsing ran for 0.009 secs (0.009u,0.s)
Doing parsing (n= 47 ) for "Parsing" with big :
Tactic call parsing ran for 0.009 secs (0.009u,0.s)
Doing parsing (n= 48 ) for "Parsing" with big :
Tactic call parsing ran for 0.017 secs (0.013u,0.003s)
Doing parsing (n= 49 ) for "Parsing" with big :
Tactic call parsing ran for 0.01 secs (0.01u,0.s)
Doing parsing (n= 50 ) for "Parsing" with big :
Tactic call parsing ran for 0.01 secs (0.01u,0.s)
Doing parsing (n= 51 ) for "Parsing" with big :
Tactic call parsing ran for 0.011 secs (0.011u,0.s)
Doing parsing (n= 52 ) for "Parsing" with big :
Tactic call parsing ran for 0.011 secs (0.011u,0.s)
Doing parsing (n= 53 ) for "Parsing" with big :
Tactic call parsing ran for 0.021 secs (0.021u,0.s)
Doing parsing (n= 54 ) for "Parsing" with big :
Tactic call parsing ran for 0.012 secs (0.012u,0.s)
Doing parsing (n= 55 ) for "Parsing" with big :
Tactic call parsing ran for 0.014 secs (0.014u,0.s)
Doing parsing (n= 56 ) for "Parsing" with big :
Tactic call parsing ran for 0.012 secs (0.012u,0.s)
Doing parsing (n= 57 ) for "Parsing" with big :
Tactic call parsing ran for 0.012 secs (0.012u,0.s)
Doing parsing (n= 58 ) for "Parsing" with big :
Tactic call parsing ran for 0.019 secs (0.019u,0.s)
Doing parsing (n= 59 ) for "Parsing" with big :
Tactic call parsing ran for 0.014 secs (0.014u,0.s)
Doing parsing (n= 60 ) for "Parsing" with big :
Tactic call parsing ran for 0.013 secs (0.013u,0.s)
Doing parsing (n= 61 ) for "Parsing" with big :
Tactic call parsing ran for 0.014 secs (0.014u,0.s)
Doing parsing (n= 62 ) for "Parsing" with big :
Tactic call parsing ran for 0.022 secs (0.022u,0.s)
Doing parsing (n= 63 ) for "Parsing" with big :
Tactic call parsing ran for 0.015 secs (0.015u,0.s)
Doing parsing (n= 64 ) for "Parsing" with big :
Tactic call parsing ran for 0.016 secs (0.016u,0.s)
Doing parsing (n= 65 ) for "Parsing" with big :
Tactic call parsing ran for 0.022 secs (0.022u,0.s)
Doing parsing (n= 66 ) for "Parsing" with big :
Tactic call parsing ran for 0.016 secs (0.016u,0.s)
Doing parsing (n= 67 ) for "Parsing" with big :
Tactic call parsing ran for 0.017 secs (0.017u,0.s)
Doing parsing (n= 68 ) for "Parsing" with big :
Tactic call parsing ran for 0.027 secs (0.027u,0.s)
Doing parsing (n= 69 ) for "Parsing" with big :
Tactic call parsing ran for 0.018 secs (0.018u,0.s)
Doing parsing (n= 70 ) for "Parsing" with big :
Tactic call parsing ran for 0.018 secs (0.018u,0.s)
Doing parsing (n= 71 ) for "Parsing" with big :
Tactic call parsing ran for 0.026 secs (0.022u,0.003s)
Doing parsing (n= 72 ) for "Parsing" with big :
Tactic call parsing ran for 0.019 secs (0.019u,0.s)
Doing parsing (n= 73 ) for "Parsing" with big :
Tactic call parsing ran for 0.019 secs (0.019u,0.s)
Doing parsing (n= 74 ) for "Parsing" with big :
Tactic call parsing ran for 0.031 secs (0.031u,0.s)
Doing parsing (n= 75 ) for "Parsing" with big :
Tactic call parsing ran for 0.021 secs (0.021u,0.s)
Doing parsing (n= 76 ) for "Parsing" with big :
Tactic call parsing ran for 0.021 secs (0.021u,0.s)
Doing parsing (n= 77 ) for "Parsing" with big :
Tactic call parsing ran for 0.025 secs (0.025u,0.s)
Doing parsing (n= 78 ) for "Parsing" with big :
Tactic call parsing ran for 0.022 secs (0.022u,0.s)
Doing parsing (n= 79 ) for "Parsing" with big :
Tactic call parsing ran for 0.027 secs (0.027u,0.s)
Doing parsing (n= 80 ) for "Parsing" with big :
Tactic call parsing ran for 0.027 secs (0.027u,0.s)
Doing parsing (n= 81 ) for "Parsing" with big :
Tactic call parsing ran for 0.032 secs (0.032u,0.s)
Doing parsing (n= 82 ) for "Parsing" with big :
Tactic call parsing ran for 0.024 secs (0.024u,0.s)
Doing parsing (n= 83 ) for "Parsing" with big :
Tactic call parsing ran for 0.025 secs (0.025u,0.s)
Doing parsing (n= 84 ) for "Parsing" with big :
Tactic call parsing ran for 0.025 secs (0.025u,0.s)
Doing parsing (n= 85 ) for "Parsing" with big :
Tactic call parsing ran for 0.026 secs (0.026u,0.s)
Doing parsing (n= 86 ) for "Parsing" with big :
Tactic call parsing ran for 0.031 secs (0.031u,0.s)
Doing parsing (n= 87 ) for "Parsing" with big :
Tactic call parsing ran for 0.026 secs (0.026u,0.s)
Doing parsing (n= 88 ) for "Parsing" with big :
Tactic call parsing ran for 0.034 secs (0.034u,0.s)
Doing parsing (n= 89 ) for "Parsing" with big :
Tactic call parsing ran for 0.028 secs (0.028u,0.s)
Doing parsing (n= 90 ) for "Parsing" with big :
Tactic call parsing ran for 0.031 secs (0.031u,0.s)
Doing parsing (n= 91 ) for "Parsing" with big :
Tactic call parsing ran for 0.032 secs (0.032u,0.s)
Doing parsing (n= 92 ) for "Parsing" with big :
Tactic call parsing ran for 0.03 secs (0.03u,0.s)
Doing parsing (n= 93 ) for "Parsing" with big :
Tactic call parsing ran for 0.039 secs (0.039u,0.s)
Doing parsing (n= 94 ) for "Parsing" with big :
Tactic call parsing ran for 0.031 secs (0.031u,0.s)
Doing parsing (n= 95 ) for "Parsing" with big :
Tactic call parsing ran for 0.045 secs (0.045u,0.s)
Doing parsing (n= 96 ) for "Parsing" with big :
Tactic call parsing ran for 0.032 secs (0.032u,0.s)
Doing parsing (n= 97 ) for "Parsing" with big :
Tactic call parsing ran for 0.036 secs (0.036u,0.s)
Doing parsing (n= 98 ) for "Parsing" with big :
Tactic call parsing ran for 0.037 secs (0.034u,0.002s)
Doing parsing (n= 99 ) for "Parsing" with big :
Tactic call parsing ran for 0.034 secs (0.034u,0.s)
Doing parsing (n= 100 ) for "Parsing" with big :
Tactic call parsing ran for 0.04 secs (0.04u,0.s)
Doing parsing (n= 101 ) for "Parsing" with big :
Tactic call parsing ran for 0.043 secs (0.043u,0.s)
Doing parsing (n= 102 ) for "Parsing" with big :
Tactic call parsing ran for 0.035 secs (0.035u,0.s)
Doing parsing (n= 103 ) for "Parsing" with big :
Tactic call parsing ran for 0.042 secs (0.042u,0.s)
Doing parsing (n= 104 ) for "Parsing" with big :
Tactic call parsing ran for 0.045 secs (0.045u,0.s)
Doing parsing (n= 105 ) for "Parsing" with big :
Tactic call parsing ran for 0.037 secs (0.037u,0.s)
Doing parsing (n= 106 ) for "Parsing" with big :
Tactic call parsing ran for 0.043 secs (0.04u,0.003s)
Doing parsing (n= 107 ) for "Parsing" with big :
Tactic call parsing ran for 0.041 secs (0.041u,0.s)
Doing parsing (n= 108 ) for "Parsing" with big :
Tactic call parsing ran for 0.039 secs (0.039u,0.s)
Doing parsing (n= 109 ) for "Parsing" with big :
Tactic call parsing ran for 0.042 secs (0.042u,0.s)
Doing parsing (n= 110 ) for "Parsing" with big :
Tactic call parsing ran for 0.04 secs (0.04u,0.s)
Doing parsing (n= 111 ) for "Parsing" with big :
Tactic call parsing ran for 0.05 secs (0.046u,0.003s)
Doing parsing (n= 112 ) for "Parsing" with big :
Tactic call parsing ran for 0.044 secs (0.044u,0.s)
Doing parsing (n= 113 ) for "Parsing" with big :
Tactic call parsing ran for 0.043 secs (0.043u,0.s)
Doing parsing (n= 114 ) for "Parsing" with big :
Tactic call parsing ran for 0.049 secs (0.049u,0.s)
Doing parsing (n= 115 ) for "Parsing" with big :
Tactic call parsing ran for 0.055 secs (0.055u,0.s)
Doing parsing (n= 116 ) for "Parsing" with big :
Tactic call parsing ran for 0.053 secs (0.053u,0.s)
Doing parsing (n= 117 ) for "Parsing" with big :
Tactic call parsing ran for 0.05 secs (0.05u,0.s)
Doing parsing (n= 118 ) for "Parsing" with big :
Tactic call parsing ran for 0.057 secs (0.057u,0.s)
Doing parsing (n= 119 ) for "Parsing" with big :
Tactic call parsing ran for 0.046 secs (0.046u,0.s)
Doing parsing (n= 120 ) for "Parsing" with big :
Tactic call parsing ran for 0.054 secs (0.054u,0.s)
Doing parsing (n= 121 ) for "Parsing" with big :
Tactic call parsing ran for 0.052 secs (0.052u,0.s)
Doing parsing (n= 122 ) for "Parsing" with big :
Tactic call parsing ran for 0.051 secs (0.051u,0.s)
Doing parsing (n= 123 ) for "Parsing" with big :
Tactic call parsing ran for 0.056 secs (0.056u,0.s)
Doing parsing (n= 124 ) for "Parsing" with big :
Tactic call parsing ran for 0.054 secs (0.054u,0.s)
Doing parsing (n= 125 ) for "Parsing" with big :
Tactic call parsing ran for 0.059 secs (0.059u,0.s)
Doing parsing (n= 126 ) for "Parsing" with big :
Tactic call parsing ran for 0.056 secs (0.056u,0.s)
Doing parsing (n= 127 ) for "Parsing" with big :
Tactic call parsing ran for 0.061 secs (0.061u,0.s)
Doing parsing (n= 128 ) for "Parsing" with big :
Tactic call parsing ran for 0.058 secs (0.055u,0.003s)
Doing parsing (n= 129 ) for "Parsing" with big :
Tactic call parsing ran for 0.063 secs (0.063u,0.s)
Doing parsing (n= 130 ) for "Parsing" with big :
Tactic call parsing ran for 0.064 secs (0.064u,0.s)
Doing parsing (n= 131 ) for "Parsing" with big :
Tactic call parsing ran for 0.074 secs (0.074u,0.s)
Doing parsing (n= 132 ) for "Parsing" with big :
Tactic call parsing ran for 0.062 secs (0.062u,0.s)
Doing parsing (n= 133 ) for "Parsing" with big :
Tactic call parsing ran for 0.068 secs (0.068u,0.s)
Doing parsing (n= 134 ) for "Parsing" with big :
Tactic call parsing ran for 0.062 secs (0.062u,0.s)
Doing parsing (n= 135 ) for "Parsing" with big :
Tactic call parsing ran for 0.078 secs (0.078u,0.s)
Doing parsing (n= 136 ) for "Parsing" with big :
Tactic call parsing ran for 0.085 secs (0.085u,0.s)
Doing parsing (n= 137 ) for "Parsing" with big :
Tactic call parsing ran for 0.073 secs (0.073u,0.s)
Doing parsing (n= 138 ) for "Parsing" with big :
Tactic call parsing ran for 0.086 secs (0.086u,0.s)
Doing parsing (n= 139 ) for "Parsing" with big :
Tactic call parsing ran for 0.07 secs (0.07u,0.s)
Doing parsing (n= 140 ) for "Parsing" with big :
Tactic call parsing ran for 0.077 secs (0.077u,0.s)
Doing parsing (n= 141 ) for "Parsing" with big :
Tactic call parsing ran for 0.07 secs (0.07u,0.s)
Doing parsing (n= 142 ) for "Parsing" with big :
Tactic call parsing ran for 0.079 secs (0.079u,0.s)
Doing parsing (n= 143 ) for "Parsing" with big :
Tactic call parsing ran for 0.093 secs (0.093u,0.s)
Doing parsing (n= 144 ) for "Parsing" with big :
Tactic call parsing ran for 0.074 secs (0.074u,0.s)
Doing parsing (n= 145 ) for "Parsing" with big :
Tactic call parsing ran for 0.092 secs (0.08u,0.011s)
Doing parsing (n= 146 ) for "Parsing" with big :
Tactic call parsing ran for 0.069 secs (0.069u,0.s)
Doing parsing (n= 147 ) for "Parsing" with big :
Tactic call parsing ran for 0.078 secs (0.078u,0.s)
Doing parsing (n= 148 ) for "Parsing" with big :
Tactic call parsing ran for 0.085 secs (0.085u,0.s)
Doing parsing (n= 149 ) for "Parsing" with big :
Tactic call parsing ran for 0.081 secs (0.081u,0.s)
Doing parsing (n= 150 ) for "Parsing" with big :
Tactic call parsing ran for 0.081 secs (0.077u,0.003s)
Doing parsing (n= 151 ) for "Parsing" with big :
Tactic call parsing ran for 0.094 secs (0.086u,0.007s)
Doing parsing (n= 152 ) for "Parsing" with big :
Tactic call parsing ran for 0.086 secs (0.086u,0.s)
Doing parsing (n= 153 ) for "Parsing" with big :
Tactic call parsing ran for 0.086 secs (0.078u,0.007s)
Doing parsing (n= 154 ) for "Parsing" with big :
Tactic call parsing ran for 0.089 secs (0.089u,0.s)
Doing parsing (n= 155 ) for "Parsing" with big :
Tactic call parsing ran for 0.086 secs (0.086u,0.s)
Doing parsing (n= 156 ) for "Parsing" with big :
Tactic call parsing ran for 0.081 secs (0.081u,0.s)
Doing parsing (n= 157 ) for "Parsing" with big :
Tactic call parsing ran for 0.087 secs (0.087u,0.s)
Doing parsing (n= 158 ) for "Parsing" with big :
Tactic call parsing ran for 0.1 secs (0.096u,0.003s)
Doing parsing (n= 159 ) for "Parsing" with big :
Tactic call parsing ran for 0.098 secs (0.098u,0.s)
Doing parsing (n= 160 ) for "Parsing" with big :
Tactic call parsing ran for 0.111 secs (0.111u,0.s)
Doing parsing (n= 161 ) for "Parsing" with big :
Tactic call parsing ran for 0.128 secs (0.128u,0.s)
Doing parsing (n= 162 ) for "Parsing" with big :
Tactic call parsing ran for 0.116 secs (0.116u,0.s)
Doing parsing (n= 163 ) for "Parsing" with big :
Tactic call parsing ran for 0.1 secs (0.1u,0.s)
Doing parsing (n= 164 ) for "Parsing" with big :
Tactic call parsing ran for 0.095 secs (0.095u,0.s)
Doing parsing (n= 165 ) for "Parsing" with big :
Tactic call parsing ran for 0.158 secs (0.158u,0.s)
Doing parsing (n= 166 ) for "Parsing" with big :
Tactic call parsing ran for 0.123 secs (0.119u,0.003s)
Doing parsing (n= 167 ) for "Parsing" with big :
Tactic call parsing ran for 0.087 secs (0.087u,0.s)
Doing parsing (n= 168 ) for "Parsing" with big :
Tactic call parsing ran for 0.094 secs (0.094u,0.s)
Doing parsing (n= 169 ) for "Parsing" with big :
Tactic call parsing ran for 0.097 secs (0.097u,0.s)
Doing parsing (n= 170 ) for "Parsing" with big :
Tactic call parsing ran for 0.109 secs (0.105u,0.003s)
Doing parsing (n= 171 ) for "Parsing" with big :
Tactic call parsing ran for 0.105 secs (0.105u,0.s)
Doing parsing (n= 172 ) for "Parsing" with big :
Tactic call parsing ran for 0.119 secs (0.115u,0.003s)
Doing parsing (n= 173 ) for "Parsing" with big :
Tactic call parsing ran for 0.122 secs (0.122u,0.s)
Doing parsing (n= 174 ) for "Parsing" with big :
Tactic call parsing ran for 0.124 secs (0.124u,0.s)
Doing parsing (n= 175 ) for "Parsing" with big :
Tactic call parsing ran for 0.129 secs (0.129u,0.s)
Doing parsing (n= 176 ) for "Parsing" with big :
Tactic call parsing ran for 0.118 secs (0.118u,0.s)
Doing parsing (n= 177 ) for "Parsing" with big :
Tactic call parsing ran for 0.144 secs (0.144u,0.s)
Doing parsing (n= 178 ) for "Parsing" with big :
Tactic call parsing ran for 0.143 secs (0.143u,0.s)
Doing parsing (n= 179 ) for "Parsing" with big :
Tactic call parsing ran for 0.153 secs (0.153u,0.s)
Doing parsing (n= 180 ) for "Parsing" with big :
Tactic call parsing ran for 0.162 secs (0.158u,0.003s)
Doing parsing (n= 181 ) for "Parsing" with big :
Tactic call parsing ran for 0.131 secs (0.127u,0.003s)
Doing parsing (n= 182 ) for "Parsing" with big :
Tactic call parsing ran for 0.125 secs (0.125u,0.s)
Doing parsing (n= 183 ) for "Parsing" with big :
Tactic call parsing ran for 0.138 secs (0.13u,0.007s)
Doing parsing (n= 184 ) for "Parsing" with big :
Tactic call parsing ran for 0.14 secs (0.14u,0.s)
Doing parsing (n= 185 ) for "Parsing" with big :
Tactic call parsing ran for 0.139 secs (0.139u,0.s)
Doing parsing (n= 186 ) for "Parsing" with big :
Tactic call parsing ran for 0.141 secs (0.141u,0.s)
Doing parsing (n= 187 ) for "Parsing" with big :
Tactic call parsing ran for 0.142 secs (0.142u,0.s)
Doing parsing (n= 188 ) for "Parsing" with big :
Tactic call parsing ran for 0.145 secs (0.145u,0.s)
Doing parsing (n= 189 ) for "Parsing" with big :
Tactic call parsing ran for 0.124 secs (0.124u,0.s)
Doing parsing (n= 190 ) for "Parsing" with big :
Tactic call parsing ran for 0.132 secs (0.132u,0.s)
Doing parsing (n= 191 ) for "Parsing" with big :
Tactic call parsing ran for 0.179 secs (0.179u,0.s)
Doing parsing (n= 192 ) for "Parsing" with big :
Tactic call parsing ran for 0.182 secs (0.182u,0.s)
Doing parsing (n= 193 ) for "Parsing" with big :
Tactic call parsing ran for 0.174 secs (0.174u,0.s)
Doing parsing (n= 194 ) for "Parsing" with big :
Tactic call parsing ran for 0.134 secs (0.13u,0.003s)
Doing parsing (n= 195 ) for "Parsing" with big :
Tactic call parsing ran for 0.148 secs (0.148u,0.s)
Doing parsing (n= 196 ) for "Parsing" with big :
Tactic call parsing ran for 0.141 secs (0.137u,0.003s)
Doing parsing (n= 197 ) for "Parsing" with big :
Tactic call parsing ran for 0.135 secs (0.135u,0.s)
Doing parsing (n= 198 ) for "Parsing" with big :
Tactic call parsing ran for 0.148 secs (0.144u,0.004s)
Doing parsing (n= 199 ) for "Parsing" with big :
Tactic call parsing ran for 0.164 secs (0.164u,0.s)
Doing parsing (n= 200 ) for "Parsing" with big :
Tactic call parsing ran for 0.161 secs (0.161u,0.s)
Doing parsing (n= 201 ) for "Parsing" with big :
Tactic call parsing ran for 0.166 secs (0.166u,0.s)
Doing parsing (n= 202 ) for "Parsing" with big :
Tactic call parsing ran for 0.145 secs (0.145u,0.s)
Doing parsing (n= 203 ) for "Parsing" with big :
Tactic call parsing ran for 0.215 secs (0.215u,0.s)
Doing parsing (n= 204 ) for "Parsing" with big :
Tactic call parsing ran for 0.162 secs (0.162u,0.s)
Doing parsing (n= 205 ) for "Parsing" with big :
Tactic call parsing ran for 0.171 secs (0.171u,0.s)
Doing parsing (n= 206 ) for "Parsing" with big :
Tactic call parsing ran for 0.202 secs (0.202u,0.s)
Doing parsing (n= 207 ) for "Parsing" with big :
Tactic call parsing ran for 0.164 secs (0.164u,0.s)
Doing parsing (n= 208 ) for "Parsing" with big :
Tactic call parsing ran for 0.154 secs (0.154u,0.s)
Doing parsing (n= 209 ) for "Parsing" with big :
Tactic call parsing ran for 0.159 secs (0.159u,0.s)
Doing parsing (n= 210 ) for "Parsing" with big :
Tactic call parsing ran for 0.193 secs (0.193u,0.s)
Doing parsing (n= 211 ) for "Parsing" with big :
Tactic call parsing ran for 0.162 secs (0.162u,0.s)
Doing parsing (n= 212 ) for "Parsing" with big :
Tactic call parsing ran for 0.163 secs (0.163u,0.s)
Doing parsing (n= 213 ) for "Parsing" with big :
Tactic call parsing ran for 0.194 secs (0.194u,0.s)
Doing parsing (n= 214 ) for "Parsing" with big :
Tactic call parsing ran for 0.172 secs (0.172u,0.s)
Doing parsing (n= 215 ) for "Parsing" with big :
Tactic call parsing ran for 0.228 secs (0.228u,0.s)
Doing parsing (n= 216 ) for "Parsing" with big :
Tactic call parsing ran for 0.181 secs (0.181u,0.s)
Doing parsing (n= 217 ) for "Parsing" with big :
Tactic call parsing ran for 0.267 secs (0.267u,0.s)
Doing parsing (n= 218 ) for "Parsing" with big :
Tactic call parsing ran for 0.16 secs (0.16u,0.s)
Doing parsing (n= 219 ) for "Parsing" with big :
Tactic call parsing ran for 0.173 secs (0.173u,0.s)
Doing parsing (n= 220 ) for "Parsing" with big :
Tactic call parsing ran for 0.202 secs (0.202u,0.s)
Doing parsing (n= 221 ) for "Parsing" with big :
Tactic call parsing ran for 0.179 secs (0.179u,0.s)
Doing parsing (n= 222 ) for "Parsing" with big :
Tactic call parsing ran for 0.206 secs (0.206u,0.s)
Doing parsing (n= 223 ) for "Parsing" with big :
Tactic call parsing ran for 0.182 secs (0.182u,0.s)
Doing parsing (n= 224 ) for "Parsing" with big :
Tactic call parsing ran for 0.203 secs (0.203u,0.s)
Doing parsing (n= 225 ) for "Parsing" with big :
Tactic call parsing ran for 0.248 secs (0.248u,0.s)
Doing parsing (n= 226 ) for "Parsing" with big :
Tactic call parsing ran for 0.202 secs (0.198u,0.003s)
Doing parsing (n= 227 ) for "Parsing" with big :
Tactic call parsing ran for 0.278 secs (0.278u,0.s)
Doing parsing (n= 228 ) for "Parsing" with big :
Tactic call parsing ran for 0.188 secs (0.188u,0.s)
Doing parsing (n= 229 ) for "Parsing" with big :
Tactic call parsing ran for 0.188 secs (0.188u,0.s)
Doing parsing (n= 230 ) for "Parsing" with big :
Tactic call parsing ran for 0.201 secs (0.201u,0.s)
Doing parsing (n= 231 ) for "Parsing" with big :
Tactic call parsing ran for 0.223 secs (0.219u,0.003s)
Doing parsing (n= 232 ) for "Parsing" with big :
Tactic call parsing ran for 0.221 secs (0.217u,0.004s)
Doing parsing (n= 233 ) for "Parsing" with big :
Tactic call parsing ran for 0.206 secs (0.206u,0.s)
Doing parsing (n= 234 ) for "Parsing" with big :
Tactic call parsing ran for 0.226 secs (0.226u,0.s)
Doing parsing (n= 235 ) for "Parsing" with big :
Tactic call parsing ran for 0.258 secs (0.258u,0.s)
Doing parsing (n= 236 ) for "Parsing" with big :
Tactic call parsing ran for 0.339 secs (0.339u,0.s)
Doing parsing (n= 237 ) for "Parsing" with big :
Tactic call parsing ran for 0.223 secs (0.223u,0.s)
Doing parsing (n= 238 ) for "Parsing" with big :
Tactic call parsing ran for 0.208 secs (0.208u,0.s)
Doing parsing (n= 239 ) for "Parsing" with big :
Tactic call parsing ran for 0.228 secs (0.228u,0.s)
Doing parsing (n= 240 ) for "Parsing" with big :
Tactic call parsing ran for 0.215 secs (0.215u,0.s)
Doing parsing (n= 241 ) for "Parsing" with big :
Tactic call parsing ran for 0.233 secs (0.233u,0.s)
Doing parsing (n= 242 ) for "Parsing" with big :
Tactic call parsing ran for 0.229 secs (0.229u,0.s)
Doing parsing (n= 243 ) for "Parsing" with big :
Tactic call parsing ran for 0.217 secs (0.217u,0.s)
Doing parsing (n= 244 ) for "Parsing" with big :
Tactic call parsing ran for 0.296 secs (0.296u,0.s)
Doing parsing (n= 245 ) for "Parsing" with big :
Tactic call parsing ran for 0.236 secs (0.236u,0.s)
Doing parsing (n= 246 ) for "Parsing" with big :
Tactic call parsing ran for 0.301 secs (0.301u,0.s)
Doing parsing (n= 247 ) for "Parsing" with big :
Tactic call parsing ran for 0.265 secs (0.265u,0.s)
Doing parsing (n= 248 ) for "Parsing" with big :
Tactic call parsing ran for 0.219 secs (0.219u,0.s)
Doing parsing (n= 249 ) for "Parsing" with big :
Tactic call parsing ran for 0.252 secs (0.248u,0.003s)
Doing parsing (n= 250 ) for "Parsing" with big :
Tactic call parsing ran for 0.259 secs (0.251u,0.007s)
Doing parsing (n= 251 ) for "Parsing" with big :
Tactic call parsing ran for 0.245 secs (0.237u,0.008s)
Doing parsing (n= 252 ) for "Parsing" with big :
Tactic call parsing ran for 0.262 secs (0.262u,0.s)
Doing parsing (n= 253 ) for "Parsing" with big :
Tactic call parsing ran for 0.316 secs (0.316u,0.s)
Doing parsing (n= 254 ) for "Parsing" with big :
Tactic call parsing ran for 0.31 secs (0.31u,0.s)
Doing parsing (n= 255 ) for "Parsing" with big :
Tactic call parsing ran for 0.252 secs (0.252u,0.s)
Doing parsing (n= 256 ) for "Parsing" with big :
Tactic call parsing ran for 0.288 secs (0.288u,0.s)
Doing parsing (n= 257 ) for "Parsing" with big :
Tactic call parsing ran for 0.252 secs (0.252u,0.s)
Doing parsing (n= 258 ) for "Parsing" with big :
Tactic call parsing ran for 0.274 secs (0.274u,0.s)
Doing parsing (n= 259 ) for "Parsing" with big :
Tactic call parsing ran for 0.273 secs (0.273u,0.s)
Doing parsing (n= 260 ) for "Parsing" with big :
Tactic call parsing ran for 0.275 secs (0.275u,0.s)
Doing parsing (n= 261 ) for "Parsing" with big :
Tactic call parsing ran for 0.337 secs (0.337u,0.s)
Doing parsing (n= 262 ) for "Parsing" with big :
Tactic call parsing ran for 0.316 secs (0.316u,0.s)
Doing parsing (n= 263 ) for "Parsing" with big :
Tactic call parsing ran for 0.3 secs (0.3u,0.s)
Doing parsing (n= 264 ) for "Parsing" with big :
Tactic call parsing ran for 0.273 secs (0.273u,0.s)
Doing parsing (n= 265 ) for "Parsing" with big :
Tactic call parsing ran for 0.269 secs (0.269u,0.s)
Doing parsing (n= 266 ) for "Parsing" with big :
Tactic call parsing ran for 0.281 secs (0.281u,0.s)
Doing parsing (n= 267 ) for "Parsing" with big :
Tactic call parsing ran for 0.293 secs (0.293u,0.s)
Doing parsing (n= 268 ) for "Parsing" with big :
Tactic call parsing ran for 0.293 secs (0.293u,0.s)
Doing parsing (n= 269 ) for "Parsing" with big :
Tactic call parsing ran for 0.293 secs (0.292u,0.s)
Doing parsing (n= 270 ) for "Parsing" with big :
Tactic call parsing ran for 0.381 secs (0.38u,0.s)
Doing parsing (n= 271 ) for "Parsing" with big :
Tactic call parsing ran for 0.343 secs (0.343u,0.s)
Doing parsing (n= 272 ) for "Parsing" with big :
Tactic call parsing ran for 0.3 secs (0.3u,0.s)
Doing parsing (n= 273 ) for "Parsing" with big :
Tactic call parsing ran for 0.302 secs (0.302u,0.s)
Doing parsing (n= 274 ) for "Parsing" with big :
Tactic call parsing ran for 0.298 secs (0.298u,0.s)
Doing parsing (n= 275 ) for "Parsing" with big :
Tactic call parsing ran for 0.302 secs (0.302u,0.s)
Doing parsing (n= 276 ) for "Parsing" with big :
Tactic call parsing ran for 0.306 secs (0.306u,0.s)
Doing parsing (n= 277 ) for "Parsing" with big :
Tactic call parsing ran for 0.369 secs (0.369u,0.s)
Doing parsing (n= 278 ) for "Parsing" with big :
Tactic call parsing ran for 0.367 secs (0.367u,0.s)
Doing parsing (n= 279 ) for "Parsing" with big :
Tactic call parsing ran for 0.366 secs (0.362u,0.003s)
Doing parsing (n= 280 ) for "Parsing" with big :
Tactic call parsing ran for 0.299 secs (0.295u,0.003s)
Doing parsing (n= 281 ) for "Parsing" with big :
Tactic call parsing ran for 0.311 secs (0.311u,0.s)
Doing parsing (n= 282 ) for "Parsing" with big :
Tactic call parsing ran for 0.339 secs (0.338u,0.s)
Doing parsing (n= 283 ) for "Parsing" with big :
Tactic call parsing ran for 0.313 secs (0.313u,0.s)
Doing parsing (n= 284 ) for "Parsing" with big :
Tactic call parsing ran for 0.367 secs (0.367u,0.s)
Doing parsing (n= 285 ) for "Parsing" with big :
Tactic call parsing ran for 0.366 secs (0.366u,0.s)
Doing parsing (n= 286 ) for "Parsing" with big :
Tactic call parsing ran for 0.407 secs (0.407u,0.s)
Doing parsing (n= 287 ) for "Parsing" with big :
Tactic call parsing ran for 0.323 secs (0.323u,0.s)
Doing parsing (n= 288 ) for "Parsing" with big :
Tactic call parsing ran for 0.334 secs (0.333u,0.s)
Doing parsing (n= 289 ) for "Parsing" with big :
Tactic call parsing ran for 0.348 secs (0.348u,0.s)
Doing parsing (n= 290 ) for "Parsing" with big :
Tactic call parsing ran for 0.329 secs (0.329u,0.s)
Doing parsing (n= 291 ) for "Parsing" with big :
Tactic call parsing ran for 0.441 secs (0.441u,0.s)
Doing parsing (n= 292 ) for "Parsing" with big :
Tactic call parsing ran for 0.423 secs (0.423u,0.s)
Doing parsing (n= 293 ) for "Parsing" with big :
Tactic call parsing ran for 0.315 secs (0.315u,0.s)
Doing parsing (n= 294 ) for "Parsing" with big :
Tactic call parsing ran for 0.361 secs (0.361u,0.s)
Doing parsing (n= 295 ) for "Parsing" with big :
Tactic call parsing ran for 0.359 secs (0.359u,0.s)
Doing parsing (n= 296 ) for "Parsing" with big :
Tactic call parsing ran for 0.349 secs (0.349u,0.s)
Doing parsing (n= 297 ) for "Parsing" with big :
Tactic call parsing ran for 0.408 secs (0.408u,0.s)
Doing parsing (n= 298 ) for "Parsing" with big :
Tactic call parsing ran for 0.46 secs (0.46u,0.s)
Doing parsing (n= 299 ) for "Parsing" with big :
Tactic call parsing ran for 0.38 secs (0.376u,0.003s)
Doing parsing (n= 300 ) for "Parsing" with big :
Tactic call parsing ran for 0.35 secs (0.35u,0.s)
Doing parsing (n= 301 ) for "Parsing" with big :
Tactic call parsing ran for 0.377 secs (0.377u,0.s)
Doing parsing (n= 302 ) for "Parsing" with big :
Tactic call parsing ran for 0.361 secs (0.361u,0.s)
Doing parsing (n= 303 ) for "Parsing" with big :
Tactic call parsing ran for 0.442 secs (0.442u,0.s)
Doing parsing (n= 304 ) for "Parsing" with big :
Tactic call parsing ran for 0.421 secs (0.421u,0.s)
Doing parsing (n= 305 ) for "Parsing" with big :
Tactic call parsing ran for 0.46 secs (0.46u,0.s)
Doing parsing (n= 306 ) for "Parsing" with big :
Tactic call parsing ran for 0.358 secs (0.353u,0.003s)
Doing parsing (n= 307 ) for "Parsing" with big :
Tactic call parsing ran for 0.407 secs (0.395u,0.012s)
Doing parsing (n= 308 ) for "Parsing" with big :
Tactic call parsing ran for 0.385 secs (0.373u,0.011s)
Doing parsing (n= 309 ) for "Parsing" with big :
Tactic call parsing ran for 0.398 secs (0.398u,0.s)
Doing parsing (n= 310 ) for "Parsing" with big :
Tactic call parsing ran for 0.506 secs (0.506u,0.s)
Doing parsing (n= 311 ) for "Parsing" with big :
Tactic call parsing ran for 0.428 secs (0.424u,0.003s)
Doing parsing (n= 312 ) for "Parsing" with big :
Tactic call parsing ran for 0.416 secs (0.416u,0.s)
Doing parsing (n= 313 ) for "Parsing" with big :
Tactic call parsing ran for 0.397 secs (0.397u,0.s)
Doing parsing (n= 314 ) for "Parsing" with big :
Tactic call parsing ran for 0.414 secs (0.414u,0.s)
Doing parsing (n= 315 ) for "Parsing" with big :
Tactic call parsing ran for 0.406 secs (0.406u,0.s)
Doing parsing (n= 316 ) for "Parsing" with big :
Tactic call parsing ran for 0.388 secs (0.388u,0.s)
Doing parsing (n= 317 ) for "Parsing" with big :
Tactic call parsing ran for 0.498 secs (0.498u,0.s)
Doing parsing (n= 318 ) for "Parsing" with big :
Tactic call parsing ran for 0.524 secs (0.524u,0.s)
Doing parsing (n= 319 ) for "Parsing" with big :
Tactic call parsing ran for 0.411 secs (0.411u,0.s)
Doing parsing (n= 320 ) for "Parsing" with big :
Tactic call parsing ran for 0.425 secs (0.425u,0.s)
Doing parsing (n= 321 ) for "Parsing" with big :
Tactic call parsing ran for 0.428 secs (0.428u,0.s)
Doing parsing (n= 322 ) for "Parsing" with big :
Tactic call parsing ran for 0.487 secs (0.487u,0.s)
Doing parsing (n= 323 ) for "Parsing" with big :
Tactic call parsing ran for 0.522 secs (0.522u,0.s)
Doing parsing (n= 324 ) for "Parsing" with big :
Tactic call parsing ran for 0.476 secs (0.476u,0.s)
Doing parsing (n= 325 ) for "Parsing" with big :
Tactic call parsing ran for 0.434 secs (0.434u,0.s)
Doing parsing (n= 326 ) for "Parsing" with big :
Tactic call parsing ran for 0.44 secs (0.44u,0.s)
Doing parsing (n= 327 ) for "Parsing" with big :
Tactic call parsing ran for 0.441 secs (0.441u,0.s)
Doing parsing (n= 328 ) for "Parsing" with big :
Tactic call parsing ran for 0.571 secs (0.571u,0.s)
Doing parsing (n= 329 ) for "Parsing" with big :
Tactic call parsing ran for 0.51 secs (0.51u,0.s)
Doing parsing (n= 330 ) for "Parsing" with big :
Tactic call parsing ran for 0.428 secs (0.428u,0.s)
Doing parsing (n= 331 ) for "Parsing" with big :
Tactic call parsing ran for 0.473 secs (0.473u,0.s)
Doing parsing (n= 332 ) for "Parsing" with big :
Tactic call parsing ran for 0.449 secs (0.449u,0.s)
Doing parsing (n= 333 ) for "Parsing" with big :
Tactic call parsing ran for 0.453 secs (0.453u,0.s)
Doing parsing (n= 334 ) for "Parsing" with big :
Tactic call parsing ran for 0.609 secs (0.609u,0.s)
Doing parsing (n= 335 ) for "Parsing" with big :
Tactic call parsing ran for 0.499 secs (0.499u,0.s)
Doing parsing (n= 336 ) for "Parsing" with big :
Tactic call parsing ran for 0.558 secs (0.542u,0.015s)
Doing parsing (n= 337 ) for "Parsing" with big :
Tactic call parsing ran for 0.483 secs (0.471u,0.011s)
Doing parsing (n= 338 ) for "Parsing" with big :
Tactic call parsing ran for 0.462 secs (0.462u,0.s)
Doing parsing (n= 339 ) for "Parsing" with big :
Tactic call parsing ran for 0.521 secs (0.521u,0.s)
Doing parsing (n= 340 ) for "Parsing" with big :
Tactic call parsing ran for 0.623 secs (0.623u,0.s)
Doing parsing (n= 341 ) for "Parsing" with big :
Tactic call parsing ran for 0.488 secs (0.488u,0.s)
Doing parsing (n= 342 ) for "Parsing" with big :
Tactic call parsing ran for 0.476 secs (0.476u,0.s)
Doing parsing (n= 343 ) for "Parsing" with big :
Tactic call parsing ran for 0.502 secs (0.502u,0.s)
Doing parsing (n= 344 ) for "Parsing" with big :
Tactic call parsing ran for 0.484 secs (0.484u,0.s)
Doing parsing (n= 345 ) for "Parsing" with big :
Tactic call parsing ran for 0.545 secs (0.545u,0.s)
Doing parsing (n= 346 ) for "Parsing" with big :
Tactic call parsing ran for 0.646 secs (0.646u,0.s)
Doing parsing (n= 347 ) for "Parsing" with big :
Tactic call parsing ran for 0.501 secs (0.501u,0.s)
Doing parsing (n= 348 ) for "Parsing" with big :
Tactic call parsing ran for 0.501 secs (0.5u,0.s)
Doing parsing (n= 349 ) for "Parsing" with big :
Tactic call parsing ran for 0.502 secs (0.502u,0.s)
Doing parsing (n= 350 ) for "Parsing" with big :
Tactic call parsing ran for 0.504 secs (0.504u,0.s)
Doing parsing (n= 351 ) for "Parsing" with big :
Tactic call parsing ran for 0.65 secs (0.65u,0.s)
Doing parsing (n= 352 ) for "Parsing" with big :
Tactic call parsing ran for 0.606 secs (0.606u,0.s)
Doing parsing (n= 353 ) for "Parsing" with big :
Tactic call parsing ran for 0.49 secs (0.49u,0.s)
Doing parsing (n= 354 ) for "Parsing" with big :
Tactic call parsing ran for 0.519 secs (0.519u,0.s)
Doing parsing (n= 355 ) for "Parsing" with big :
Tactic call parsing ran for 0.535 secs (0.535u,0.s)
Doing parsing (n= 356 ) for "Parsing" with big :
Tactic call parsing ran for 0.526 secs (0.526u,0.s)
Doing parsing (n= 357 ) for "Parsing" with big :
Tactic call parsing ran for 0.716 secs (0.716u,0.s)
Doing parsing (n= 358 ) for "Parsing" with big :
Tactic call parsing ran for 0.583 secs (0.583u,0.s)
Doing parsing (n= 359 ) for "Parsing" with big :
Tactic call parsing ran for 0.524 secs (0.524u,0.s)
Doing parsing (n= 360 ) for "Parsing" with big :
Tactic call parsing ran for 0.548 secs (0.548u,0.s)
Doing parsing (n= 361 ) for "Parsing" with big :
Tactic call parsing ran for 0.551 secs (0.551u,0.s)
Doing parsing (n= 362 ) for "Parsing" with big :
Tactic call parsing ran for 0.675 secs (0.675u,0.s)
Doing parsing (n= 363 ) for "Parsing" with big :
Tactic call parsing ran for 0.645 secs (0.645u,0.s)
Doing parsing (n= 364 ) for "Parsing" with big :
Tactic call parsing ran for 0.532 secs (0.532u,0.s)
Doing parsing (n= 365 ) for "Parsing" with big :
Tactic call parsing ran for 0.57 secs (0.57u,0.s)
Doing parsing (n= 366 ) for "Parsing" with big :
Tactic call parsing ran for 0.568 secs (0.568u,0.s)
Doing parsing (n= 367 ) for "Parsing" with big :
Tactic call parsing ran for 0.614 secs (0.614u,0.s)
Doing parsing (n= 368 ) for "Parsing" with big :
Tactic call parsing ran for 0.715 secs (0.715u,0.s)
Doing parsing (n= 369 ) for "Parsing" with big :
Tactic call parsing ran for 0.582 secs (0.582u,0.s)
Doing parsing (n= 370 ) for "Parsing" with big :
Tactic call parsing ran for 0.577 secs (0.577u,0.s)
Doing parsing (n= 371 ) for "Parsing" with big :
Tactic call parsing ran for 0.592 secs (0.592u,0.s)
Doing parsing (n= 372 ) for "Parsing" with big :
Tactic call parsing ran for 0.635 secs (0.635u,0.s)
Doing parsing (n= 373 ) for "Parsing" with big :
Tactic call parsing ran for 0.74 secs (0.74u,0.s)
Doing parsing (n= 374 ) for "Parsing" with big :
Tactic call parsing ran for 0.612 secs (0.612u,0.s)
Doing parsing (n= 375 ) for "Parsing" with big :
Tactic call parsing ran for 0.595 secs (0.595u,0.s)
Doing parsing (n= 376 ) for "Parsing" with big :
Tactic call parsing ran for 0.609 secs (0.609u,0.s)
Doing parsing (n= 377 ) for "Parsing" with big :
Tactic call parsing ran for 0.647 secs (0.647u,0.s)
Doing parsing (n= 378 ) for "Parsing" with big :
Tactic call parsing ran for 0.754 secs (0.754u,0.s)
Doing parsing (n= 379 ) for "Parsing" with big :
Tactic call parsing ran for 0.631 secs (0.631u,0.s)
Doing parsing (n= 380 ) for "Parsing" with big :
Tactic call parsing ran for 0.628 secs (0.624u,0.003s)
Doing parsing (n= 381 ) for "Parsing" with big :
Tactic call parsing ran for 0.637 secs (0.621u,0.016s)
Doing parsing (n= 382 ) for "Parsing" with big :
Tactic call parsing ran for 0.676 secs (0.672u,0.003s)
Doing parsing (n= 383 ) for "Parsing" with big :
Tactic call parsing ran for 0.767 secs (0.767u,0.s)
Doing parsing (n= 384 ) for "Parsing" with big :
Tactic call parsing ran for 0.658 secs (0.654u,0.003s)
Doing parsing (n= 385 ) for "Parsing" with big :
Tactic call parsing ran for 0.625 secs (0.625u,0.s)
Doing parsing (n= 386 ) for "Parsing" with big :
Tactic call parsing ran for 0.626 secs (0.626u,0.s)
Doing parsing (n= 387 ) for "Parsing" with big :
Tactic call parsing ran for 0.641 secs (0.641u,0.s)
Doing parsing (n= 388 ) for "Parsing" with big :
Tactic call parsing ran for 0.844 secs (0.844u,0.s)
Doing parsing (n= 389 ) for "Parsing" with big :
Tactic call parsing ran for 0.659 secs (0.659u,0.s)
Doing parsing (n= 390 ) for "Parsing" with big :
Tactic call parsing ran for 0.653 secs (0.653u,0.s)
Doing parsing (n= 391 ) for "Parsing" with big :
Tactic call parsing ran for 0.648 secs (0.648u,0.s)
Doing parsing (n= 392 ) for "Parsing" with big :
Tactic call parsing ran for 0.652 secs (0.652u,0.s)
Doing parsing (n= 393 ) for "Parsing" with big :
Tactic call parsing ran for 0.877 secs (0.877u,0.s)
Doing parsing (n= 394 ) for "Parsing" with big :
Tactic call parsing ran for 0.695 secs (0.695u,0.s)
Doing parsing (n= 395 ) for "Parsing" with big :
Tactic call parsing ran for 0.666 secs (0.666u,0.s)
Doing parsing (n= 396 ) for "Parsing" with big :
Tactic call parsing ran for 0.664 secs (0.664u,0.s)
Doing parsing (n= 397 ) for "Parsing" with big :
Tactic call parsing ran for 0.68 secs (0.68u,0.s)
Doing parsing (n= 398 ) for "Parsing" with big :
Tactic call parsing ran for 0.885 secs (0.885u,0.s)
Doing parsing (n= 399 ) for "Parsing" with big :
Tactic call parsing ran for 0.716 secs (0.715u,0.s)
Doing parsing (n= 400 ) for "Parsing" with big :
Tactic call parsing ran for 0.69 secs (0.69u,0.s)
Doing parsing (n= 401 ) for "Parsing" with big :
Tactic call parsing ran for 0.683 secs (0.683u,0.s)
Doing parsing (n= 402 ) for "Parsing" with big :
Tactic call parsing ran for 0.685 secs (0.685u,0.s)
Doing parsing (n= 403 ) for "Parsing" with big :
Tactic call parsing ran for 0.908 secs (0.908u,0.s)
Doing parsing (n= 404 ) for "Parsing" with big :
Tactic call parsing ran for 0.74 secs (0.74u,0.s)
Doing parsing (n= 405 ) for "Parsing" with big :
Tactic call parsing ran for 0.71 secs (0.71u,0.s)
Doing parsing (n= 406 ) for "Parsing" with big :
Tactic call parsing ran for 0.703 secs (0.703u,0.s)
Doing parsing (n= 407 ) for "Parsing" with big :
Tactic call parsing ran for 0.763 secs (0.763u,0.s)
Doing parsing (n= 408 ) for "Parsing" with big :
Tactic call parsing ran for 0.904 secs (0.904u,0.s)
Doing parsing (n= 409 ) for "Parsing" with big :
Tactic call parsing ran for 0.726 secs (0.726u,0.s)
Doing parsing (n= 410 ) for "Parsing" with big :
Tactic call parsing ran for 0.728 secs (0.708u,0.019s)
Doing parsing (n= 411 ) for "Parsing" with big :
Tactic call parsing ran for 0.746 secs (0.734u,0.012s)
Doing parsing (n= 412 ) for "Parsing" with big :
Tactic call parsing ran for 0.722 secs (0.721u,0.s)
Doing parsing (n= 413 ) for "Parsing" with big :
Tactic call parsing ran for 0.966 secs (0.966u,0.s)
Doing parsing (n= 414 ) for "Parsing" with big :
Tactic call parsing ran for 0.776 secs (0.776u,0.s)
Doing parsing (n= 415 ) for "Parsing" with big :
Tactic call parsing ran for 0.743 secs (0.743u,0.s)
Doing parsing (n= 416 ) for "Parsing" with big :
Tactic call parsing ran for 0.756 secs (0.756u,0.s)
Doing parsing (n= 417 ) for "Parsing" with big :
Tactic call parsing ran for 0.74 secs (0.74u,0.s)
Doing parsing (n= 418 ) for "Parsing" with big :
Tactic call parsing ran for 0.994 secs (0.993u,0.s)
Doing parsing (n= 419 ) for "Parsing" with big :
Tactic call parsing ran for 0.79 secs (0.79u,0.s)
Doing parsing (n= 420 ) for "Parsing" with big :
Tactic call parsing ran for 0.766 secs (0.766u,0.s)
Doing parsing (n= 421 ) for "Parsing" with big :
Tactic call parsing ran for 0.768 secs (0.768u,0.s)
Doing parsing (n= 422 ) for "Parsing" with big :
Tactic call parsing ran for 0.758 secs (0.758u,0.s)
Doing parsing (n= 423 ) for "Parsing" with big :
Tactic call parsing ran for 1.022 secs (1.018u,0.003s)
Doing parsing (n= 424 ) for "Parsing" with big :
Tactic call parsing ran for 0.81 secs (0.81u,0.s)
Doing parsing (n= 425 ) for "Parsing" with big :
Tactic call parsing ran for 0.779 secs (0.779u,0.s)
Doing parsing (n= 426 ) for "Parsing" with big :
Tactic call parsing ran for 0.793 secs (0.793u,0.s)
Doing parsing (n= 427 ) for "Parsing" with big :
Tactic call parsing ran for 0.784 secs (0.784u,0.s)
Doing parsing (n= 428 ) for "Parsing" with big :
Tactic call parsing ran for 1.058 secs (1.058u,0.s)
Doing parsing (n= 429 ) for "Parsing" with big :
Tactic call parsing ran for 0.824 secs (0.824u,0.s)
Doing parsing (n= 430 ) for "Parsing" with big :
Tactic call parsing ran for 0.811 secs (0.811u,0.s)
Doing parsing (n= 431 ) for "Parsing" with big :
Tactic call parsing ran for 0.803 secs (0.803u,0.s)
Doing parsing (n= 432 ) for "Parsing" with big :
Tactic call parsing ran for 0.863 secs (0.863u,0.s)
Doing parsing (n= 433 ) for "Parsing" with big :
Tactic call parsing ran for 1.037 secs (1.037u,0.s)
Doing parsing (n= 434 ) for "Parsing" with big :
Tactic call parsing ran for 0.834 secs (0.834u,0.s)
Doing parsing (n= 435 ) for "Parsing" with big :
Tactic call parsing ran for 0.828 secs (0.824u,0.003s)
Doing parsing (n= 436 ) for "Parsing" with big :
Tactic call parsing ran for 0.818 secs (0.818u,0.s)
Doing parsing (n= 437 ) for "Parsing" with big :
Tactic call parsing ran for 1.016 secs (1.016u,0.s)
Doing parsing (n= 438 ) for "Parsing" with big :
Tactic call parsing ran for 0.941 secs (0.937u,0.003s)
Doing parsing (n= 439 ) for "Parsing" with big :
Tactic call parsing ran for 0.825 secs (0.825u,0.s)
Doing parsing (n= 440 ) for "Parsing" with big :
Tactic call parsing ran for 0.846 secs (0.842u,0.003s)
Doing parsing (n= 441 ) for "Parsing" with big :
Tactic call parsing ran for 0.841 secs (0.841u,0.s)
Doing parsing (n= 442 ) for "Parsing" with big :
Tactic call parsing ran for 1.105 secs (1.105u,0.s)
Doing parsing (n= 443 ) for "Parsing" with big :
Tactic call parsing ran for 0.867 secs (0.867u,0.s)
Doing parsing (n= 444 ) for "Parsing" with big :
Tactic call parsing ran for 0.867 secs (0.867u,0.s)
Doing parsing (n= 445 ) for "Parsing" with big :
Tactic call parsing ran for 0.871 secs (0.871u,0.s)
Doing parsing (n= 446 ) for "Parsing" with big :
Tactic call parsing ran for 1.039 secs (1.039u,0.s)
Doing parsing (n= 447 ) for "Parsing" with big :
Tactic call parsing ran for 1.004 secs (1.004u,0.s)
Doing parsing (n= 448 ) for "Parsing" with big :
Tactic call parsing ran for 0.854 secs (0.854u,0.s)
Doing parsing (n= 449 ) for "Parsing" with big :
Tactic call parsing ran for 0.885 secs (0.885u,0.s)
Doing parsing (n= 450 ) for "Parsing" with big :
Tactic call parsing ran for 0.889 secs (0.889u,0.s)
Doing parsing (n= 451 ) for "Parsing" with big :
Tactic call parsing ran for 1.15 secs (1.15u,0.s)
Doing parsing (n= 452 ) for "Parsing" with big :
Tactic call parsing ran for 0.927 secs (0.927u,0.s)
Doing parsing (n= 453 ) for "Parsing" with big :
Tactic call parsing ran for 0.902 secs (0.902u,0.s)
Doing parsing (n= 454 ) for "Parsing" with big :
Tactic call parsing ran for 0.899 secs (0.899u,0.s)
Doing parsing (n= 455 ) for "Parsing" with big :
Tactic call parsing ran for 1.129 secs (1.129u,0.s)
Doing parsing (n= 456 ) for "Parsing" with big :
Tactic call parsing ran for 1.013 secs (1.013u,0.s)
Doing parsing (n= 457 ) for "Parsing" with big :
Tactic call parsing ran for 0.914 secs (0.914u,0.s)
Doing parsing (n= 458 ) for "Parsing" with big :
Tactic call parsing ran for 0.917 secs (0.917u,0.s)
Doing parsing (n= 459 ) for "Parsing" with big :
Tactic call parsing ran for 1.149 secs (1.149u,0.s)
Doing parsing (n= 460 ) for "Parsing" with big :
Tactic call parsing ran for 1.038 secs (1.038u,0.s)
Doing parsing (n= 461 ) for "Parsing" with big :
Tactic call parsing ran for 0.93 secs (0.93u,0.s)
Doing parsing (n= 462 ) for "Parsing" with big :
Tactic call parsing ran for 0.942 secs (0.941u,0.s)
Doing parsing (n= 463 ) for "Parsing" with big :
Tactic call parsing ran for 1.145 secs (1.145u,0.s)
Doing parsing (n= 464 ) for "Parsing" with big :
Tactic call parsing ran for 1.071 secs (1.071u,0.s)
Doing parsing (n= 465 ) for "Parsing" with big :
Tactic call parsing ran for 0.925 secs (0.925u,0.s)
Doing parsing (n= 466 ) for "Parsing" with big :
Tactic call parsing ran for 0.949 secs (0.945u,0.003s)
Doing parsing (n= 467 ) for "Parsing" with big :
Tactic call parsing ran for 1.077 secs (1.077u,0.s)
Doing parsing (n= 468 ) for "Parsing" with big :
Tactic call parsing ran for 1.156 secs (1.156u,0.s)
Doing parsing (n= 469 ) for "Parsing" with big :
Tactic call parsing ran for 0.956 secs (0.956u,0.s)
Doing parsing (n= 470 ) for "Parsing" with big :
Tactic call parsing ran for 0.967 secs (0.967u,0.s)
Doing parsing (n= 471 ) for "Parsing" with big :
Tactic call parsing ran for 0.968 secs (0.965u,0.003s)
Doing parsing (n= 472 ) for "Parsing" with big :
Tactic call parsing ran for 1.244 secs (1.244u,0.s)
Doing parsing (n= 473 ) for "Parsing" with big :
Tactic call parsing ran for 1.018 secs (1.01u,0.007s)
Doing parsing (n= 474 ) for "Parsing" with big :
Tactic call parsing ran for 1.016 secs (0.992u,0.024s)
Doing parsing (n= 475 ) for "Parsing" with big :
Tactic call parsing ran for 0.995 secs (0.987u,0.008s)
Doing parsing (n= 476 ) for "Parsing" with big :
Tactic call parsing ran for 1.924 secs (1.924u,0.s)
Doing parsing (n= 477 ) for "Parsing" with big :
Tactic call parsing ran for 1.276 secs (1.276u,0.s)
Doing parsing (n= 478 ) for "Parsing" with big :
Tactic call parsing ran for 0.962 secs (0.962u,0.s)
Doing parsing (n= 479 ) for "Parsing" with big :
Tactic call parsing ran for 0.935 secs (0.935u,0.s)
Doing parsing (n= 480 ) for "Parsing" with big :
Tactic call parsing ran for 1.163 secs (1.163u,0.s)
Doing parsing (n= 481 ) for "Parsing" with big :
Tactic call parsing ran for 1.196 secs (1.196u,0.s)
Doing parsing (n= 482 ) for "Parsing" with big :
Tactic call parsing ran for 1.012 secs (1.012u,0.s)
Doing parsing (n= 483 ) for "Parsing" with big :
Tactic call parsing ran for 1.029 secs (1.029u,0.s)
Doing parsing (n= 484 ) for "Parsing" with big :
Tactic call parsing ran for 1.03 secs (1.03u,0.s)
Doing parsing (n= 485 ) for "Parsing" with big :
Tactic call parsing ran for 1.329 secs (1.329u,0.s)
Doing parsing (n= 486 ) for "Parsing" with big :
Tactic call parsing ran for 1.064 secs (1.064u,0.s)
Doing parsing (n= 487 ) for "Parsing" with big :
Tactic call parsing ran for 1.043 secs (1.043u,0.s)
Doing parsing (n= 488 ) for "Parsing" with big :
Tactic call parsing ran for 1.051 secs (1.051u,0.s)
Doing parsing (n= 489 ) for "Parsing" with big :
Tactic call parsing ran for 1.312 secs (1.312u,0.s)
Doing parsing (n= 490 ) for "Parsing" with big :
Tactic call parsing ran for 1.175 secs (1.174u,0.s)
Doing parsing (n= 491 ) for "Parsing" with big :
Tactic call parsing ran for 1.07 secs (1.07u,0.s)
Doing parsing (n= 492 ) for "Parsing" with big :
Tactic call parsing ran for 1.059 secs (1.059u,0.s)
Doing parsing (n= 493 ) for "Parsing" with big :
Tactic call parsing ran for 1.33 secs (1.33u,0.s)
Doing parsing (n= 494 ) for "Parsing" with big :
Tactic call parsing ran for 1.194 secs (1.194u,0.s)
Doing parsing (n= 495 ) for "Parsing" with big :
Tactic call parsing ran for 1.071 secs (1.071u,0.s)
Doing parsing (n= 496 ) for "Parsing" with big :
Tactic call parsing ran for 1.083 secs (1.083u,0.s)
Doing parsing (n= 497 ) for "Parsing" with big :
Tactic call parsing ran for 1.367 secs (1.367u,0.s)
Doing parsing (n= 498 ) for "Parsing" with big :
Tactic call parsing ran for 1.183 secs (1.183u,0.s)
Doing parsing (n= 499 ) for "Parsing" with big :
Tactic call parsing ran for 1.1 secs (1.096u,0.003s)
Doing parsing (n= 500 ) for "Parsing" with big :
Tactic call parsing ran for 1.121 secs (1.121u,0.s)
